This file contains any messages produced by compilers while
running configure, to aid debugging if configure makes a mistake.

It was created by GNU APL configure 1.8, which was
generated by GNU Autoconf 2.69.  Invocation command line was

  $ ./configure 

## --------- ##
## Platform. ##
## --------- ##

hostname = bob-HP-ProBook-640-G1
uname -m = x86_64
uname -r = 4.15.0-51-generic
uname -s = Linux
uname -v = #55~16.04.1-Ubuntu SMP Thu May 16 09:24:37 UTC 2019

/usr/bin/uname -p = unknown
/bin/uname -X     = unknown

/bin/arch              = unknown
/usr/bin/arch -k       = unknown
/usr/convex/getsysinfo = unknown
/usr/bin/hostinfo      = unknown
/bin/machine           = unknown
/usr/bin/oslevel       = unknown
/bin/universe          = unknown

PATH: /home/bob/bin
PATH: /home/bob/.local/bin
PATH: /home/bob/bin
PATH: /home/bob/.local/bin
PATH: /usr/local/lib/nodejs/node-v10.15.0-linux-x64/bin
PATH: /home/bob/bin
PATH: /home/bob/.local/bin
PATH: /opt/maven/bin
PATH: /opt/gradle/gradle-4.10.2/bin
PATH: /usr/local/sbin
PATH: /usr/local/bin
PATH: /usr/sbin
PATH: /usr/bin
PATH: /sbin
PATH: /bin
PATH: /usr/games
PATH: /usr/local/games
PATH: /opt/gradle/gradle-4.10.1/bin/gradle
PATH: /snap/bin
PATH: /usr/local/go/bin
PATH: /home/bob/go/bin
PATH: /usr/local/go/bin
PATH: /usr/local/go
PATH: /home/bob/go/bin
PATH: /opt/maven/bin
PATH: /opt/gradle/gradle-4.10.2/bin
PATH: /usr/local/sbin
PATH: /usr/local/bin
PATH: /usr/sbin
PATH: /usr/bin
PATH: /sbin
PATH: /bin
PATH: /usr/games
PATH: /usr/local/games
PATH: /opt/gradle/gradle-4.10.1/bin/gradle
PATH: /snap/bin
PATH: /usr/local/go/bin
PATH: /home/bob/go/bin
PATH: /home/bob/Desktop/WorkSpace/holosqape/hcshell
PATH: /home/bob/.cargo/bin
PATH: /usr/local/go/bin
PATH: /home/bob/go/bin
PATH: /usr/local/lib/nodejs/node-v10.15.0-linux-x64/bin
PATH: /home/bob/bin
PATH: /home/bob/.local/bin
PATH: /opt/maven/bin
PATH: /opt/gradle/gradle-4.10.2/bin
PATH: /usr/local/sbin
PATH: /usr/local/bin
PATH: /usr/sbin
PATH: /usr/bin
PATH: /sbin
PATH: /bin
PATH: /usr/games
PATH: /usr/local/games
PATH: /opt/gradle/gradle-4.10.1/bin/gradle
PATH: /snap/bin
PATH: /usr/local/go/bin
PATH: /home/bob/go/bin
PATH: /usr/local/go/bin
PATH: /usr/local/go
PATH: /home/bob/go/bin
PATH: /opt/maven/bin
PATH: /opt/gradle/gradle-4.10.2/bin
PATH: /usr/local/sbin
PATH: /usr/local/bin
PATH: /usr/sbin
PATH: /usr/bin
PATH: /sbin
PATH: /bin
PATH: /usr/games
PATH: /usr/local/games
PATH: /opt/gradle/gradle-4.10.1/bin/gradle
PATH: /snap/bin
PATH: /usr/local/go/bin
PATH: /home/bob/go/bin
PATH: /home/bob/Desktop/WorkSpace/holosqape/hcshell
PATH: /home/bob/.cargo/bin
PATH: /home/bob/.cargo/bin
PATH: /home/bob/Desktop/WorkSpace/holosqape/hcshell
PATH: /home/bob/.cargo/bin/rustc
PATH: /usr/local/go/bin
PATH: /home/bob/go/bin
PATH: /home/bob/bin
PATH: /home/bob/.local/bin
PATH: /usr/local/lib/nodejs/node-v10.15.0-linux-x64/bin
PATH: /home/bob/bin
PATH: /home/bob/.local/bin
PATH: /opt/maven/bin
PATH: /opt/gradle/gradle-4.10.2/bin
PATH: /usr/local/sbin
PATH: /usr/local/bin
PATH: /usr/sbin
PATH: /usr/bin
PATH: /sbin
PATH: /bin
PATH: /usr/games
PATH: /usr/local/games
PATH: /opt/gradle/gradle-4.10.1/bin/gradle
PATH: /snap/bin
PATH: /usr/local/go/bin
PATH: /home/bob/go/bin
PATH: /usr/local/go/bin
PATH: /usr/local/go
PATH: /home/bob/go/bin
PATH: /opt/maven/bin
PATH: /opt/gradle/gradle-4.10.2/bin
PATH: /usr/local/sbin
PATH: /usr/local/bin
PATH: /usr/sbin
PATH: /usr/bin
PATH: /sbin
PATH: /bin
PATH: /usr/games
PATH: /usr/local/games
PATH: /opt/gradle/gradle-4.10.1/bin/gradle
PATH: /snap/bin
PATH: /usr/local/go/bin
PATH: /home/bob/go/bin
PATH: /home/bob/Desktop/WorkSpace/holosqape/hcshell
PATH: /home/bob/.cargo/bin
PATH: /usr/local/go/bin
PATH: /home/bob/go/bin
PATH: /usr/local/lib/nodejs/node-v10.15.0-linux-x64/bin
PATH: /home/bob/bin
PATH: /home/bob/.local/bin
PATH: /opt/maven/bin
PATH: /opt/gradle/gradle-4.10.2/bin
PATH: /usr/local/sbin
PATH: /usr/local/bin
PATH: /usr/sbin
PATH: /usr/bin
PATH: /sbin
PATH: /bin
PATH: /usr/games
PATH: /usr/local/games
PATH: /opt/gradle/gradle-4.10.1/bin/gradle
PATH: /snap/bin
PATH: /usr/local/go/bin
PATH: /home/bob/go/bin
PATH: /usr/local/go/bin
PATH: /usr/local/go
PATH: /home/bob/go/bin
PATH: /opt/maven/bin
PATH: /opt/gradle/gradle-4.10.2/bin
PATH: /usr/local/sbin
PATH: /usr/local/bin
PATH: /usr/sbin
PATH: /usr/bin
PATH: /sbin
PATH: /bin
PATH: /usr/games
PATH: /usr/local/games
PATH: /opt/gradle/gradle-4.10.1/bin/gradle
PATH: /snap/bin
PATH: /usr/local/go/bin
PATH: /home/bob/go/bin
PATH: /home/bob/Desktop/WorkSpace/holosqape/hcshell
PATH: /home/bob/.cargo/bin
PATH: /home/bob/.cargo/bin
PATH: /home/bob/Desktop/WorkSpace/holosqape/hcshell
PATH: /home/bob/.cargo/bin/rustc
PATH: /home/bob/.cargo/bin
PATH: /home/bob/Desktop/WorkSpace/holosqape/hcshell
PATH: /home/bob/.cargo/bin/rustc


## ----------- ##
## Core tests. ##
## ----------- ##

configure:3013: checking for gcc
configure:3029: found /usr/bin/gcc
configure:3040: result: gcc
configure:3269: checking for C compiler version
configure:3278: gcc --version >&5
gcc (Ubuntu 5.4.0-6ubuntu1~16.04.11) 5.4.0 20160609
Copyright (C) 2015 Free Software Foundation, Inc.
This is free software; see the source for copying conditions.  There is NO
warranty; not even for MERCHANTABILITY or FITNESS FOR A PARTICULAR PURPOSE.

configure:3289: $? = 0
configure:3278: gcc -v >&5
Using built-in specs.
COLLECT_GCC=gcc
COLLECT_LTO_WRAPPER=/usr/lib/gcc/x86_64-linux-gnu/5/lto-wrapper
Target: x86_64-linux-gnu
Configured with: ../src/configure -v --with-pkgversion='Ubuntu 5.4.0-6ubuntu1~16.04.11' --with-bugurl=file:///usr/share/doc/gcc-5/README.Bugs --enable-languages=c,ada,c++,java,go,d,fortran,objc,obj-c++ --prefix=/usr --program-suffix=-5 --enable-shared --enable-linker-build-id --libexecdir=/usr/lib --without-included-gettext --enable-threads=posix --libdir=/usr/lib --enable-nls --with-sysroot=/ --enable-clocale=gnu --enable-libstdcxx-debug --enable-libstdcxx-time=yes --with-default-libstdcxx-abi=new --enable-gnu-unique-object --disable-vtable-verify --enable-libmpx --enable-plugin --with-system-zlib --disable-browser-plugin --enable-java-awt=gtk --enable-gtk-cairo --with-java-home=/usr/lib/jvm/java-1.5.0-gcj-5-amd64/jre --enable-java-home --with-jvm-root-dir=/usr/lib/jvm/java-1.5.0-gcj-5-amd64 --with-jvm-jar-dir=/usr/lib/jvm-exports/java-1.5.0-gcj-5-amd64 --with-arch-directory=amd64 --with-ecj-jar=/usr/share/java/eclipse-ecj.jar --enable-objc-gc --enable-multiarch --disable-werror --with-arch-32=i686 --with-abi=m64 --with-multilib-list=m32,m64,mx32 --enable-multilib --with-tune=generic --enable-checking=release --build=x86_64-linux-gnu --host=x86_64-linux-gnu --target=x86_64-linux-gnu
Thread model: posix
gcc version 5.4.0 20160609 (Ubuntu 5.4.0-6ubuntu1~16.04.11) 
configure:3289: $? = 0
configure:3278: gcc -V >&5
gcc: error: unrecognized command line option '-V'
gcc: fatal error: no input files
compilation terminated.
configure:3289: $? = 1
configure:3278: gcc -qversion >&5
gcc: error: unrecognized command line option '-qversion'
gcc: fatal error: no input files
compilation terminated.
configure:3289: $? = 1
configure:3309: checking whether the C compiler works
configure:3331: gcc    conftest.c  >&5
configure:3335: $? = 0
configure:3383: result: yes
configure:3386: checking for C compiler default output file name
configure:3388: result: a.out
configure:3394: checking for suffix of executables
configure:3401: gcc -o conftest    conftest.c  >&5
configure:3405: $? = 0
configure:3427: result: 
configure:3449: checking whether we are cross compiling
configure:3457: gcc -o conftest    conftest.c  >&5
configure:3461: $? = 0
configure:3468: ./conftest
configure:3472: $? = 0
configure:3487: result: no
configure:3492: checking for suffix of object files
configure:3514: gcc -c   conftest.c >&5
configure:3518: $? = 0
configure:3539: result: o
configure:3543: checking whether we are using the GNU C compiler
configure:3562: gcc -c   conftest.c >&5
configure:3562: $? = 0
configure:3571: result: yes
configure:3580: checking whether gcc accepts -g
configure:3600: gcc -c -g  conftest.c >&5
configure:3600: $? = 0
configure:3641: result: yes
configure:3658: checking for gcc option to accept ISO C89
configure:3721: gcc  -c -g -O2  conftest.c >&5
configure:3721: $? = 0
configure:3734: result: none needed
configure:3759: checking whether gcc understands -c and -o together
configure:3781: gcc -c conftest.c -o conftest2.o
configure:3784: $? = 0
configure:3781: gcc -c conftest.c -o conftest2.o
configure:3784: $? = 0
configure:3796: result: yes
configure:3819: checking how to run the C preprocessor
configure:3850: gcc -E  conftest.c
configure:3850: $? = 0
configure:3864: gcc -E  conftest.c
conftest.c:9:28: fatal error: ac_nonexistent.h: No such file or directory
compilation terminated.
configure:3864: $? = 1
configure: failed program was:
| /* confdefs.h */
| #define PACKAGE_NAME "GNU APL"
| #define PACKAGE_TARNAME "apl"
| #define PACKAGE_VERSION "1.8"
| #define PACKAGE_STRING "GNU APL 1.8"
| #define PACKAGE_BUGREPORT "bug-apl@gnu.org"
| #define PACKAGE_URL "http://www.gnu.org/software/apl/"
| /* end confdefs.h.  */
| #include <ac_nonexistent.h>
configure:3889: result: gcc -E
configure:3909: gcc -E  conftest.c
configure:3909: $? = 0
configure:3923: gcc -E  conftest.c
conftest.c:9:28: fatal error: ac_nonexistent.h: No such file or directory
compilation terminated.
configure:3923: $? = 1
configure: failed program was:
| /* confdefs.h */
| #define PACKAGE_NAME "GNU APL"
| #define PACKAGE_TARNAME "apl"
| #define PACKAGE_VERSION "1.8"
| #define PACKAGE_STRING "GNU APL 1.8"
| #define PACKAGE_BUGREPORT "bug-apl@gnu.org"
| #define PACKAGE_URL "http://www.gnu.org/software/apl/"
| /* end confdefs.h.  */
| #include <ac_nonexistent.h>
configure:3952: checking for grep that handles long lines and -e
configure:4010: result: /bin/grep
configure:4015: checking for egrep
configure:4077: result: /bin/grep -E
configure:4082: checking for ANSI C header files
configure:4102: gcc -c -g -O2  conftest.c >&5
configure:4102: $? = 0
configure:4175: gcc -o conftest -g -O2   conftest.c  >&5
configure:4175: $? = 0
configure:4175: ./conftest
configure:4175: $? = 0
configure:4186: result: yes
configure:4199: checking for sys/types.h
configure:4199: gcc -c -g -O2  conftest.c >&5
configure:4199: $? = 0
configure:4199: result: yes
configure:4199: checking for sys/stat.h
configure:4199: gcc -c -g -O2  conftest.c >&5
configure:4199: $? = 0
configure:4199: result: yes
configure:4199: checking for stdlib.h
configure:4199: gcc -c -g -O2  conftest.c >&5
configure:4199: $? = 0
configure:4199: result: yes
configure:4199: checking for string.h
configure:4199: gcc -c -g -O2  conftest.c >&5
configure:4199: $? = 0
configure:4199: result: yes
configure:4199: checking for memory.h
configure:4199: gcc -c -g -O2  conftest.c >&5
configure:4199: $? = 0
configure:4199: result: yes
configure:4199: checking for strings.h
configure:4199: gcc -c -g -O2  conftest.c >&5
configure:4199: $? = 0
configure:4199: result: yes
configure:4199: checking for inttypes.h
configure:4199: gcc -c -g -O2  conftest.c >&5
configure:4199: $? = 0
configure:4199: result: yes
configure:4199: checking for stdint.h
configure:4199: gcc -c -g -O2  conftest.c >&5
configure:4199: $? = 0
configure:4199: result: yes
configure:4199: checking for unistd.h
configure:4199: gcc -c -g -O2  conftest.c >&5
configure:4199: $? = 0
configure:4199: result: yes
configure:4212: checking minix/config.h usability
configure:4212: gcc -c -g -O2  conftest.c >&5
conftest.c:52:26: fatal error: minix/config.h: No such file or directory
compilation terminated.
configure:4212: $? = 1
configure: failed program was:
| /* confdefs.h */
| #define PACKAGE_NAME "GNU APL"
| #define PACKAGE_TARNAME "apl"
| #define PACKAGE_VERSION "1.8"
| #define PACKAGE_STRING "GNU APL 1.8"
| #define PACKAGE_BUGREPORT "bug-apl@gnu.org"
| #define PACKAGE_URL "http://www.gnu.org/software/apl/"
| #define STDC_HEADERS 1
| #define HAVE_SYS_TYPES_H 1
| #define HAVE_SYS_STAT_H 1
| #define HAVE_STDLIB_H 1
| #define HAVE_STRING_H 1
| #define HAVE_MEMORY_H 1
| #define HAVE_STRINGS_H 1
| #define HAVE_INTTYPES_H 1
| #define HAVE_STDINT_H 1
| #define HAVE_UNISTD_H 1
| /* end confdefs.h.  */
| #include <stdio.h>
| #ifdef HAVE_SYS_TYPES_H
| # include <sys/types.h>
| #endif
| #ifdef HAVE_SYS_STAT_H
| # include <sys/stat.h>
| #endif
| #ifdef STDC_HEADERS
| # include <stdlib.h>
| # include <stddef.h>
| #else
| # ifdef HAVE_STDLIB_H
| #  include <stdlib.h>
| # endif
| #endif
| #ifdef HAVE_STRING_H
| # if !defined STDC_HEADERS && defined HAVE_MEMORY_H
| #  include <memory.h>
| # endif
| # include <string.h>
| #endif
| #ifdef HAVE_STRINGS_H
| # include <strings.h>
| #endif
| #ifdef HAVE_INTTYPES_H
| # include <inttypes.h>
| #endif
| #ifdef HAVE_STDINT_H
| # include <stdint.h>
| #endif
| #ifdef HAVE_UNISTD_H
| # include <unistd.h>
| #endif
| #include <minix/config.h>
configure:4212: result: no
configure:4212: checking minix/config.h presence
configure:4212: gcc -E  conftest.c
conftest.c:19:26: fatal error: minix/config.h: No such file or directory
compilation terminated.
configure:4212: $? = 1
configure: failed program was:
| /* confdefs.h */
| #define PACKAGE_NAME "GNU APL"
| #define PACKAGE_TARNAME "apl"
| #define PACKAGE_VERSION "1.8"
| #define PACKAGE_STRING "GNU APL 1.8"
| #define PACKAGE_BUGREPORT "bug-apl@gnu.org"
| #define PACKAGE_URL "http://www.gnu.org/software/apl/"
| #define STDC_HEADERS 1
| #define HAVE_SYS_TYPES_H 1
| #define HAVE_SYS_STAT_H 1
| #define HAVE_STDLIB_H 1
| #define HAVE_STRING_H 1
| #define HAVE_MEMORY_H 1
| #define HAVE_STRINGS_H 1
| #define HAVE_INTTYPES_H 1
| #define HAVE_STDINT_H 1
| #define HAVE_UNISTD_H 1
| /* end confdefs.h.  */
| #include <minix/config.h>
configure:4212: result: no
configure:4212: checking for minix/config.h
configure:4212: result: no
configure:4233: checking whether it is safe to define __EXTENSIONS__
configure:4251: gcc -c -g -O2  conftest.c >&5
configure:4251: $? = 0
configure:4258: result: yes
configure:4295: checking for a BSD-compatible install
configure:4363: result: /usr/bin/install -c
configure:4374: checking whether build environment is sane
configure:4429: result: yes
configure:4577: checking for a thread-safe mkdir -p
configure:4616: result: /bin/mkdir -p
configure:4623: checking for gawk
configure:4639: found /usr/bin/gawk
configure:4650: result: gawk
configure:4661: checking whether make sets $(MAKE)
configure:4683: result: yes
configure:4713: checking for style of include used by make
configure:4741: result: GNU
configure:4775: checking whether make supports nested variables
configure:4792: result: yes
configure:4877: checking dependency style of gcc
configure:4988: result: gcc3
configure:5046: checking whether to enable maintainer-specific portions of Makefiles
configure:5055: result: no
configure:5111: checking build system type
configure:5125: result: x86_64-unknown-linux-gnu
configure:5145: checking host system type
configure:5158: result: x86_64-unknown-linux-gnu
configure:5199: checking how to print strings
configure:5226: result: printf
configure:5247: checking for a sed that does not truncate output
configure:5311: result: /bin/sed
configure:5329: checking for fgrep
configure:5391: result: /bin/grep -F
configure:5426: checking for ld used by gcc
configure:5493: result: /usr/bin/ld
configure:5500: checking if the linker (/usr/bin/ld) is GNU ld
configure:5515: result: yes
configure:5527: checking for BSD- or MS-compatible name lister (nm)
configure:5576: result: /usr/bin/nm -B
configure:5706: checking the name lister (/usr/bin/nm -B) interface
configure:5713:  -c   conftest.cpp >&5
./configure: line 5714: -c: command not found
configure:5716: /usr/bin/nm -B "conftest.o"
/usr/bin/nm: 'conftest.o': No such file
configure:5719: output
configure:5726: result: BSD nm
configure:5729: checking whether ln -s works
configure:5733: result: yes
configure:5741: checking the maximum length of command line arguments
configure:5872: result: 1572864
configure:5889: checking whether the shell understands some XSI constructs
configure:5899: result: yes
configure:5903: checking whether the shell understands "+="
configure:5909: result: yes
configure:5944: checking how to convert x86_64-unknown-linux-gnu file names to x86_64-unknown-linux-gnu format
configure:5984: result: func_convert_file_noop
configure:5991: checking how to convert x86_64-unknown-linux-gnu file names to toolchain format
configure:6011: result: func_convert_file_noop
configure:6018: checking for /usr/bin/ld option to reload object files
configure:6025: result: -r
configure:6099: checking for objdump
configure:6115: found /usr/bin/objdump
configure:6126: result: objdump
configure:6158: checking how to recognize dependent libraries
configure:6356: result: pass_all
configure:6441: checking for dlltool
configure:6471: result: no
configure:6501: checking how to associate runtime and link libraries
configure:6528: result: printf %s\n
configure:6597: checking for g++
configure:6613: found /usr/bin/g++
configure:6624: result: g++
configure:6651: checking for C++ compiler version
configure:6660: g++ --version >&5
g++ (Ubuntu 5.4.0-6ubuntu1~16.04.11) 5.4.0 20160609
Copyright (C) 2015 Free Software Foundation, Inc.
This is free software; see the source for copying conditions.  There is NO
warranty; not even for MERCHANTABILITY or FITNESS FOR A PARTICULAR PURPOSE.

configure:6671: $? = 0
configure:6660: g++ -v >&5
Using built-in specs.
COLLECT_GCC=g++
COLLECT_LTO_WRAPPER=/usr/lib/gcc/x86_64-linux-gnu/5/lto-wrapper
Target: x86_64-linux-gnu
Configured with: ../src/configure -v --with-pkgversion='Ubuntu 5.4.0-6ubuntu1~16.04.11' --with-bugurl=file:///usr/share/doc/gcc-5/README.Bugs --enable-languages=c,ada,c++,java,go,d,fortran,objc,obj-c++ --prefix=/usr --program-suffix=-5 --enable-shared --enable-linker-build-id --libexecdir=/usr/lib --without-included-gettext --enable-threads=posix --libdir=/usr/lib --enable-nls --with-sysroot=/ --enable-clocale=gnu --enable-libstdcxx-debug --enable-libstdcxx-time=yes --with-default-libstdcxx-abi=new --enable-gnu-unique-object --disable-vtable-verify --enable-libmpx --enable-plugin --with-system-zlib --disable-browser-plugin --enable-java-awt=gtk --enable-gtk-cairo --with-java-home=/usr/lib/jvm/java-1.5.0-gcj-5-amd64/jre --enable-java-home --with-jvm-root-dir=/usr/lib/jvm/java-1.5.0-gcj-5-amd64 --with-jvm-jar-dir=/usr/lib/jvm-exports/java-1.5.0-gcj-5-amd64 --with-arch-directory=amd64 --with-ecj-jar=/usr/share/java/eclipse-ecj.jar --enable-objc-gc --enable-multiarch --disable-werror --with-arch-32=i686 --with-abi=m64 --with-multilib-list=m32,m64,mx32 --enable-multilib --with-tune=generic --enable-checking=release --build=x86_64-linux-gnu --host=x86_64-linux-gnu --target=x86_64-linux-gnu
Thread model: posix
gcc version 5.4.0 20160609 (Ubuntu 5.4.0-6ubuntu1~16.04.11) 
configure:6671: $? = 0
configure:6660: g++ -V >&5
g++: error: unrecognized command line option '-V'
g++: fatal error: no input files
compilation terminated.
configure:6671: $? = 1
configure:6660: g++ -qversion >&5
g++: error: unrecognized command line option '-qversion'
g++: fatal error: no input files
compilation terminated.
configure:6671: $? = 1
configure:6675: checking whether we are using the GNU C++ compiler
configure:6694: g++ -c   conftest.cpp >&5
configure:6694: $? = 0
configure:6703: result: yes
configure:6712: checking whether g++ accepts -g
configure:6732: g++ -c -g  conftest.cpp >&5
configure:6732: $? = 0
configure:6773: result: yes
configure:6798: checking dependency style of g++
configure:6909: result: gcc3
configure:6974: checking for ar
configure:6990: found /usr/bin/ar
configure:7001: result: ar
configure:7038: checking for archiver @FILE support
configure:7055: g++ -c -g -O2  conftest.cpp >&5
configure:7055: $? = 0
configure:7058: ar cru libconftest.a @conftest.lst >&5
ar: `u' modifier ignored since `D' is the default (see `U')
configure:7061: $? = 0
configure:7066: ar cru libconftest.a @conftest.lst >&5
ar: `u' modifier ignored since `D' is the default (see `U')
ar: conftest.o: No such file or directory
configure:7069: $? = 1
configure:7081: result: @
configure:7139: checking for strip
configure:7155: found /usr/bin/strip
configure:7166: result: strip
configure:7238: checking for ranlib
configure:7254: found /usr/bin/ranlib
configure:7265: result: ranlib
configure:7367: checking command to parse /usr/bin/nm -B output from gcc object
configure:7487: g++ -c -g -O2  conftest.cpp >&5
configure:7490: $? = 0
configure:7494: /usr/bin/nm -B conftest.o \| sed -n -e 's/^.*[ ]\([ABCDGIRSTW][ABCDGIRSTW]*\)[ ][ ]*\([_A-Za-z][_A-Za-z0-9]*\)$/\1 \2 \2/p' | sed '/ __gnu_lto/d' \> conftest.nm
configure:7497: $? = 0
configure:7563: g++ -o conftest -g -O2   conftest.cpp conftstm.o >&5
configure:7566: $? = 0
configure:7604: result: ok
configure:7641: checking for sysroot
configure:7671: result: no
configure:7748: g++ -c -g -O2  conftest.cpp >&5
configure:7751: $? = 0
configure:7940: checking for mt
configure:7956: found /bin/mt
configure:7967: result: mt
configure:7990: checking if mt is a manifest tool
configure:7996: mt '-?'
configure:8004: result: no
configure:8643: checking for dlfcn.h
configure:8643: g++ -c -g -O2  conftest.cpp >&5
configure:8643: $? = 0
configure:8643: result: yes
configure:8858: checking for objdir
configure:8873: result: .libs
configure:9140: checking if gcc supports -fno-rtti -fno-exceptions
configure:9158: gcc -c -g -O2  -fno-rtti -fno-exceptions conftest.c >&5
cc1: warning: command line option '-fno-rtti' is valid for C++/ObjC++ but not for C
configure:9162: $? = 0
configure:9175: result: no
configure:9502: checking for gcc option to produce PIC
configure:9509: result: -fPIC -DPIC
configure:9517: checking if gcc PIC flag -fPIC -DPIC works
configure:9535: gcc -c -g -O2  -fPIC -DPIC -DPIC conftest.c >&5
configure:9539: $? = 0
configure:9552: result: yes
configure:9581: checking if gcc static flag -static works
configure:9609: result: yes
configure:9624: checking if gcc supports -c -o file.o
configure:9645: gcc -c -g -O2  -o out/conftest2.o conftest.c >&5
configure:9649: $? = 0
configure:9671: result: yes
configure:9679: checking if gcc supports -c -o file.o
configure:9726: result: yes
configure:9759: checking whether the gcc linker (/usr/bin/ld -m elf_x86_64) supports shared libraries
configure:10916: result: yes
configure:10953: checking whether -lc should be explicitly linked in
configure:10961: gcc -c -g -O2  conftest.c >&5
configure:10964: $? = 0
configure:10979: gcc -shared  -fPIC -DPIC conftest.o  -v -Wl,-soname -Wl,conftest -o conftest 2\>\&1 \| /bin/grep  -lc  \>/dev/null 2\>\&1
configure:10982: $? = 0
configure:10996: result: no
configure:11156: checking dynamic linker characteristics
configure:11656: gcc -o conftest -g -O2   -Wl,-rpath -Wl,/foo conftest.c  >&5
configure:11656: $? = 0
configure:11890: result: GNU/Linux ld.so
configure:11997: checking how to hardcode library paths into programs
configure:12022: result: immediate
configure:12116: checking for shl_load
configure:12116: gcc -o conftest -g -O2   conftest.c  >&5
/tmp/ccCxNV6m.o: In function `main':
/home/bob/Desktop/WorkSpace/FourthPracticeBucket/APLPrac/apl-1.8/conftest.c:62: undefined reference to `shl_load'
collect2: error: ld returned 1 exit status
configure:12116: $? = 1
configure: failed program was:
| /* confdefs.h */
| #define PACKAGE_NAME "GNU APL"
| #define PACKAGE_TARNAME "apl"
| #define PACKAGE_VERSION "1.8"
| #define PACKAGE_STRING "GNU APL 1.8"
| #define PACKAGE_BUGREPORT "bug-apl@gnu.org"
| #define PACKAGE_URL "http://www.gnu.org/software/apl/"
| #define STDC_HEADERS 1
| #define HAVE_SYS_TYPES_H 1
| #define HAVE_SYS_STAT_H 1
| #define HAVE_STDLIB_H 1
| #define HAVE_STRING_H 1
| #define HAVE_MEMORY_H 1
| #define HAVE_STRINGS_H 1
| #define HAVE_INTTYPES_H 1
| #define HAVE_STDINT_H 1
| #define HAVE_UNISTD_H 1
| #define __EXTENSIONS__ 1
| #define _ALL_SOURCE 1
| #define _GNU_SOURCE 1
| #define _POSIX_PTHREAD_SEMANTICS 1
| #define _TANDEM_SOURCE 1
| #define PACKAGE "apl"
| #define VERSION "1.8"
| #define HAVE_DLFCN_H 1
| #define LT_OBJDIR ".libs/"
| /* end confdefs.h.  */
| /* Define shl_load to an innocuous variant, in case <limits.h> declares shl_load.
|    For example, HP-UX 11i <limits.h> declares gettimeofday.  */
| #define shl_load innocuous_shl_load
| 
| /* System header to define __stub macros and hopefully few prototypes,
|     which can conflict with char shl_load (); below.
|     Prefer <limits.h> to <assert.h> if __STDC__ is defined, since
|     <limits.h> exists even on freestanding compilers.  */
| 
| #ifdef __STDC__
| # include <limits.h>
| #else
| # include <assert.h>
| #endif
| 
| #undef shl_load
| 
| /* Override any GCC internal prototype to avoid an error.
|    Use char because int might match the return type of a GCC
|    builtin and then its argument prototype would still apply.  */
| #ifdef __cplusplus
| extern "C"
| #endif
| char shl_load ();
| /* The GNU C library defines this for functions which it implements
|     to always fail with ENOSYS.  Some functions are actually named
|     something starting with __ and the normal name is an alias.  */
| #if defined __stub_shl_load || defined __stub___shl_load
| choke me
| #endif
| 
| int
| main ()
| {
| return shl_load ();
|   ;
|   return 0;
| }
configure:12116: result: no
configure:12120: checking for shl_load in -ldld
configure:12145: gcc -o conftest -g -O2   conftest.c -ldld   >&5
/usr/bin/ld: cannot find -ldld
collect2: error: ld returned 1 exit status
configure:12145: $? = 1
configure: failed program was:
| /* confdefs.h */
| #define PACKAGE_NAME "GNU APL"
| #define PACKAGE_TARNAME "apl"
| #define PACKAGE_VERSION "1.8"
| #define PACKAGE_STRING "GNU APL 1.8"
| #define PACKAGE_BUGREPORT "bug-apl@gnu.org"
| #define PACKAGE_URL "http://www.gnu.org/software/apl/"
| #define STDC_HEADERS 1
| #define HAVE_SYS_TYPES_H 1
| #define HAVE_SYS_STAT_H 1
| #define HAVE_STDLIB_H 1
| #define HAVE_STRING_H 1
| #define HAVE_MEMORY_H 1
| #define HAVE_STRINGS_H 1
| #define HAVE_INTTYPES_H 1
| #define HAVE_STDINT_H 1
| #define HAVE_UNISTD_H 1
| #define __EXTENSIONS__ 1
| #define _ALL_SOURCE 1
| #define _GNU_SOURCE 1
| #define _POSIX_PTHREAD_SEMANTICS 1
| #define _TANDEM_SOURCE 1
| #define PACKAGE "apl"
| #define VERSION "1.8"
| #define HAVE_DLFCN_H 1
| #define LT_OBJDIR ".libs/"
| /* end confdefs.h.  */
| 
| /* Override any GCC internal prototype to avoid an error.
|    Use char because int might match the return type of a GCC
|    builtin and then its argument prototype would still apply.  */
| #ifdef __cplusplus
| extern "C"
| #endif
| char shl_load ();
| int
| main ()
| {
| return shl_load ();
|   ;
|   return 0;
| }
configure:12154: result: no
configure:12159: checking for dlopen
configure:12159: gcc -o conftest -g -O2   conftest.c  >&5
/tmp/cc5KbxXp.o: In function `main':
/home/bob/Desktop/WorkSpace/FourthPracticeBucket/APLPrac/apl-1.8/conftest.c:62: undefined reference to `dlopen'
collect2: error: ld returned 1 exit status
configure:12159: $? = 1
configure: failed program was:
| /* confdefs.h */
| #define PACKAGE_NAME "GNU APL"
| #define PACKAGE_TARNAME "apl"
| #define PACKAGE_VERSION "1.8"
| #define PACKAGE_STRING "GNU APL 1.8"
| #define PACKAGE_BUGREPORT "bug-apl@gnu.org"
| #define PACKAGE_URL "http://www.gnu.org/software/apl/"
| #define STDC_HEADERS 1
| #define HAVE_SYS_TYPES_H 1
| #define HAVE_SYS_STAT_H 1
| #define HAVE_STDLIB_H 1
| #define HAVE_STRING_H 1
| #define HAVE_MEMORY_H 1
| #define HAVE_STRINGS_H 1
| #define HAVE_INTTYPES_H 1
| #define HAVE_STDINT_H 1
| #define HAVE_UNISTD_H 1
| #define __EXTENSIONS__ 1
| #define _ALL_SOURCE 1
| #define _GNU_SOURCE 1
| #define _POSIX_PTHREAD_SEMANTICS 1
| #define _TANDEM_SOURCE 1
| #define PACKAGE "apl"
| #define VERSION "1.8"
| #define HAVE_DLFCN_H 1
| #define LT_OBJDIR ".libs/"
| /* end confdefs.h.  */
| /* Define dlopen to an innocuous variant, in case <limits.h> declares dlopen.
|    For example, HP-UX 11i <limits.h> declares gettimeofday.  */
| #define dlopen innocuous_dlopen
| 
| /* System header to define __stub macros and hopefully few prototypes,
|     which can conflict with char dlopen (); below.
|     Prefer <limits.h> to <assert.h> if __STDC__ is defined, since
|     <limits.h> exists even on freestanding compilers.  */
| 
| #ifdef __STDC__
| # include <limits.h>
| #else
| # include <assert.h>
| #endif
| 
| #undef dlopen
| 
| /* Override any GCC internal prototype to avoid an error.
|    Use char because int might match the return type of a GCC
|    builtin and then its argument prototype would still apply.  */
| #ifdef __cplusplus
| extern "C"
| #endif
| char dlopen ();
| /* The GNU C library defines this for functions which it implements
|     to always fail with ENOSYS.  Some functions are actually named
|     something starting with __ and the normal name is an alias.  */
| #if defined __stub_dlopen || defined __stub___dlopen
| choke me
| #endif
| 
| int
| main ()
| {
| return dlopen ();
|   ;
|   return 0;
| }
configure:12159: result: no
configure:12163: checking for dlopen in -ldl
configure:12188: gcc -o conftest -g -O2   conftest.c -ldl   >&5
configure:12188: $? = 0
configure:12197: result: yes
configure:12316: checking whether a program can dlopen itself
configure:12396: gcc -o conftest -g -O2  -DHAVE_DLFCN_H  -Wl,--export-dynamic conftest.c -ldl  >&5
configure:12399: $? = 0
configure:12417: result: yes
configure:12422: checking whether a statically linked program can dlopen itself
configure:12502: gcc -o conftest -g -O2  -DHAVE_DLFCN_H  -Wl,--export-dynamic -static conftest.c -ldl  >&5
/tmp/ccOq5lGz.o: In function `main':
/home/bob/Desktop/WorkSpace/FourthPracticeBucket/APLPrac/apl-1.8/configure:12481: warning: Using 'dlopen' in statically linked applications requires at runtime the shared libraries from the glibc version used for linking
/usr/bin/ld: dynamic STT_GNU_IFUNC symbol `strcmp' with pointer equality in `/usr/lib/gcc/x86_64-linux-gnu/5/../../../x86_64-linux-gnu/libc.a(strcmp.o)' can not be used when making an executable; recompile with -fPIE and relink with -pie
collect2: error: ld returned 1 exit status
configure:12505: $? = 1
configure:12523: result: no
configure:12562: checking whether stripping libraries is possible
configure:12567: result: yes
configure:12602: checking if libtool supports shared libraries
configure:12604: result: yes
configure:12607: checking whether to build shared libraries
configure:12628: result: yes
configure:12631: checking whether to build static libraries
configure:12635: result: yes
configure:12658: checking how to run the C++ preprocessor
configure:12685: g++ -E  conftest.cpp
configure:12685: $? = 0
configure:12699: g++ -E  conftest.cpp
conftest.cpp:28:28: fatal error: ac_nonexistent.h: No such file or directory
compilation terminated.
configure:12699: $? = 1
configure: failed program was:
| /* confdefs.h */
| #define PACKAGE_NAME "GNU APL"
| #define PACKAGE_TARNAME "apl"
| #define PACKAGE_VERSION "1.8"
| #define PACKAGE_STRING "GNU APL 1.8"
| #define PACKAGE_BUGREPORT "bug-apl@gnu.org"
| #define PACKAGE_URL "http://www.gnu.org/software/apl/"
| #define STDC_HEADERS 1
| #define HAVE_SYS_TYPES_H 1
| #define HAVE_SYS_STAT_H 1
| #define HAVE_STDLIB_H 1
| #define HAVE_STRING_H 1
| #define HAVE_MEMORY_H 1
| #define HAVE_STRINGS_H 1
| #define HAVE_INTTYPES_H 1
| #define HAVE_STDINT_H 1
| #define HAVE_UNISTD_H 1
| #define __EXTENSIONS__ 1
| #define _ALL_SOURCE 1
| #define _GNU_SOURCE 1
| #define _POSIX_PTHREAD_SEMANTICS 1
| #define _TANDEM_SOURCE 1
| #define PACKAGE "apl"
| #define VERSION "1.8"
| #define HAVE_DLFCN_H 1
| #define LT_OBJDIR ".libs/"
| /* end confdefs.h.  */
| #include <ac_nonexistent.h>
configure:12724: result: g++ -E
configure:12744: g++ -E  conftest.cpp
configure:12744: $? = 0
configure:12758: g++ -E  conftest.cpp
conftest.cpp:28:28: fatal error: ac_nonexistent.h: No such file or directory
compilation terminated.
configure:12758: $? = 1
configure: failed program was:
| /* confdefs.h */
| #define PACKAGE_NAME "GNU APL"
| #define PACKAGE_TARNAME "apl"
| #define PACKAGE_VERSION "1.8"
| #define PACKAGE_STRING "GNU APL 1.8"
| #define PACKAGE_BUGREPORT "bug-apl@gnu.org"
| #define PACKAGE_URL "http://www.gnu.org/software/apl/"
| #define STDC_HEADERS 1
| #define HAVE_SYS_TYPES_H 1
| #define HAVE_SYS_STAT_H 1
| #define HAVE_STDLIB_H 1
| #define HAVE_STRING_H 1
| #define HAVE_MEMORY_H 1
| #define HAVE_STRINGS_H 1
| #define HAVE_INTTYPES_H 1
| #define HAVE_STDINT_H 1
| #define HAVE_UNISTD_H 1
| #define __EXTENSIONS__ 1
| #define _ALL_SOURCE 1
| #define _GNU_SOURCE 1
| #define _POSIX_PTHREAD_SEMANTICS 1
| #define _TANDEM_SOURCE 1
| #define PACKAGE "apl"
| #define VERSION "1.8"
| #define HAVE_DLFCN_H 1
| #define LT_OBJDIR ".libs/"
| /* end confdefs.h.  */
| #include <ac_nonexistent.h>
configure:12927: checking for ld used by g++
configure:12994: result: /usr/bin/ld -m elf_x86_64
configure:13001: checking if the linker (/usr/bin/ld -m elf_x86_64) is GNU ld
configure:13016: result: yes
configure:13071: checking whether the g++ linker (/usr/bin/ld -m elf_x86_64) supports shared libraries
configure:14073: result: yes
configure:14109: g++ -c -g -O2  conftest.cpp >&5
configure:14112: $? = 0
configure:14632: checking for g++ option to produce PIC
configure:14639: result: -fPIC -DPIC
configure:14647: checking if g++ PIC flag -fPIC -DPIC works
configure:14665: g++ -c -g -O2  -fPIC -DPIC -DPIC conftest.cpp >&5
configure:14669: $? = 0
configure:14682: result: yes
configure:14705: checking if g++ static flag -static works
configure:14733: result: yes
configure:14745: checking if g++ supports -c -o file.o
configure:14766: g++ -c -g -O2  -o out/conftest2.o conftest.cpp >&5
configure:14770: $? = 0
configure:14792: result: yes
configure:14797: checking if g++ supports -c -o file.o
configure:14844: result: yes
configure:14874: checking whether the g++ linker (/usr/bin/ld -m elf_x86_64) supports shared libraries
configure:14913: result: yes
configure:15054: checking dynamic linker characteristics
configure:15722: result: GNU/Linux ld.so
configure:15775: checking how to hardcode library paths into programs
configure:15800: result: immediate
configure:15976: checking for C++ compiler version
configure:15985: g++ --version >&5
g++ (Ubuntu 5.4.0-6ubuntu1~16.04.11) 5.4.0 20160609
Copyright (C) 2015 Free Software Foundation, Inc.
This is free software; see the source for copying conditions.  There is NO
warranty; not even for MERCHANTABILITY or FITNESS FOR A PARTICULAR PURPOSE.

configure:15996: $? = 0
configure:15985: g++ -v >&5
Using built-in specs.
COLLECT_GCC=g++
COLLECT_LTO_WRAPPER=/usr/lib/gcc/x86_64-linux-gnu/5/lto-wrapper
Target: x86_64-linux-gnu
Configured with: ../src/configure -v --with-pkgversion='Ubuntu 5.4.0-6ubuntu1~16.04.11' --with-bugurl=file:///usr/share/doc/gcc-5/README.Bugs --enable-languages=c,ada,c++,java,go,d,fortran,objc,obj-c++ --prefix=/usr --program-suffix=-5 --enable-shared --enable-linker-build-id --libexecdir=/usr/lib --without-included-gettext --enable-threads=posix --libdir=/usr/lib --enable-nls --with-sysroot=/ --enable-clocale=gnu --enable-libstdcxx-debug --enable-libstdcxx-time=yes --with-default-libstdcxx-abi=new --enable-gnu-unique-object --disable-vtable-verify --enable-libmpx --enable-plugin --with-system-zlib --disable-browser-plugin --enable-java-awt=gtk --enable-gtk-cairo --with-java-home=/usr/lib/jvm/java-1.5.0-gcj-5-amd64/jre --enable-java-home --with-jvm-root-dir=/usr/lib/jvm/java-1.5.0-gcj-5-amd64 --with-jvm-jar-dir=/usr/lib/jvm-exports/java-1.5.0-gcj-5-amd64 --with-arch-directory=amd64 --with-ecj-jar=/usr/share/java/eclipse-ecj.jar --enable-objc-gc --enable-multiarch --disable-werror --with-arch-32=i686 --with-abi=m64 --with-multilib-list=m32,m64,mx32 --enable-multilib --with-tune=generic --enable-checking=release --build=x86_64-linux-gnu --host=x86_64-linux-gnu --target=x86_64-linux-gnu
Thread model: posix
gcc version 5.4.0 20160609 (Ubuntu 5.4.0-6ubuntu1~16.04.11) 
configure:15996: $? = 0
configure:15985: g++ -V >&5
g++: error: unrecognized command line option '-V'
g++: fatal error: no input files
compilation terminated.
configure:15996: $? = 1
configure:15985: g++ -qversion >&5
g++: error: unrecognized command line option '-qversion'
g++: fatal error: no input files
compilation terminated.
configure:15996: $? = 1
configure:16000: checking whether we are using the GNU C++ compiler
configure:16028: result: yes
configure:16037: checking whether g++ accepts -g
configure:16098: result: yes
configure:16123: checking dependency style of g++
configure:16234: result: gcc3
configure:16297: checking for gcc
configure:16324: result: gcc
configure:16553: checking for C compiler version
configure:16562: gcc --version >&5
gcc (Ubuntu 5.4.0-6ubuntu1~16.04.11) 5.4.0 20160609
Copyright (C) 2015 Free Software Foundation, Inc.
This is free software; see the source for copying conditions.  There is NO
warranty; not even for MERCHANTABILITY or FITNESS FOR A PARTICULAR PURPOSE.

configure:16573: $? = 0
configure:16562: gcc -v >&5
Using built-in specs.
COLLECT_GCC=gcc
COLLECT_LTO_WRAPPER=/usr/lib/gcc/x86_64-linux-gnu/5/lto-wrapper
Target: x86_64-linux-gnu
Configured with: ../src/configure -v --with-pkgversion='Ubuntu 5.4.0-6ubuntu1~16.04.11' --with-bugurl=file:///usr/share/doc/gcc-5/README.Bugs --enable-languages=c,ada,c++,java,go,d,fortran,objc,obj-c++ --prefix=/usr --program-suffix=-5 --enable-shared --enable-linker-build-id --libexecdir=/usr/lib --without-included-gettext --enable-threads=posix --libdir=/usr/lib --enable-nls --with-sysroot=/ --enable-clocale=gnu --enable-libstdcxx-debug --enable-libstdcxx-time=yes --with-default-libstdcxx-abi=new --enable-gnu-unique-object --disable-vtable-verify --enable-libmpx --enable-plugin --with-system-zlib --disable-browser-plugin --enable-java-awt=gtk --enable-gtk-cairo --with-java-home=/usr/lib/jvm/java-1.5.0-gcj-5-amd64/jre --enable-java-home --with-jvm-root-dir=/usr/lib/jvm/java-1.5.0-gcj-5-amd64 --with-jvm-jar-dir=/usr/lib/jvm-exports/java-1.5.0-gcj-5-amd64 --with-arch-directory=amd64 --with-ecj-jar=/usr/share/java/eclipse-ecj.jar --enable-objc-gc --enable-multiarch --disable-werror --with-arch-32=i686 --with-abi=m64 --with-multilib-list=m32,m64,mx32 --enable-multilib --with-tune=generic --enable-checking=release --build=x86_64-linux-gnu --host=x86_64-linux-gnu --target=x86_64-linux-gnu
Thread model: posix
gcc version 5.4.0 20160609 (Ubuntu 5.4.0-6ubuntu1~16.04.11) 
configure:16573: $? = 0
configure:16562: gcc -V >&5
gcc: error: unrecognized command line option '-V'
gcc: fatal error: no input files
compilation terminated.
configure:16573: $? = 1
configure:16562: gcc -qversion >&5
gcc: error: unrecognized command line option '-qversion'
gcc: fatal error: no input files
compilation terminated.
configure:16573: $? = 1
configure:16577: checking whether we are using the GNU C compiler
configure:16605: result: yes
configure:16614: checking whether gcc accepts -g
configure:16675: result: yes
configure:16692: checking for gcc option to accept ISO C89
configure:16768: result: none needed
configure:16793: checking whether gcc understands -c and -o together
configure:16830: result: yes
configure:16852: checking whether g++ accepts -rdynamic
configure:16867: g++ -c -rdynamic -Werror -Wall  conftest.cpp >&5
configure:16867: $? = 0
configure:16878: result: yes
configure:16889: checking ncurses.h usability
configure:16889: g++ -c -g -O2  conftest.cpp >&5
configure:16889: $? = 0
configure:16889: result: yes
configure:16889: checking ncurses.h presence
configure:16889: g++ -E  conftest.cpp
configure:16889: $? = 0
configure:16889: result: yes
configure:16889: checking for ncurses.h
configure:16889: result: yes
configure:16912: checking for term.h
configure:16912: g++ -c -g -O2  conftest.cpp >&5
configure:16912: $? = 0
configure:16912: result: yes
configure:16945: checking execinfo.h usability
configure:16945: g++ -c -g -O2  conftest.cpp >&5
configure:16945: $? = 0
configure:16945: result: yes
configure:16945: checking execinfo.h presence
configure:16945: g++ -E  conftest.cpp
configure:16945: $? = 0
configure:16945: result: yes
configure:16945: checking for execinfo.h
configure:16945: result: yes
configure:16945: checking fcntl.h usability
configure:16945: g++ -c -g -O2  conftest.cpp >&5
configure:16945: $? = 0
configure:16945: result: yes
configure:16945: checking fcntl.h presence
configure:16945: g++ -E  conftest.cpp
configure:16945: $? = 0
configure:16945: result: yes
configure:16945: checking for fcntl.h
configure:16945: result: yes
configure:16945: checking fftw3.h usability
configure:16945: g++ -c -g -O2  conftest.cpp >&5
conftest.cpp:65:19: fatal error: fftw3.h: No such file or directory
compilation terminated.
configure:16945: $? = 1
configure: failed program was:
| /* confdefs.h */
| #define PACKAGE_NAME "GNU APL"
| #define PACKAGE_TARNAME "apl"
| #define PACKAGE_VERSION "1.8"
| #define PACKAGE_STRING "GNU APL 1.8"
| #define PACKAGE_BUGREPORT "bug-apl@gnu.org"
| #define PACKAGE_URL "http://www.gnu.org/software/apl/"
| #define STDC_HEADERS 1
| #define HAVE_SYS_TYPES_H 1
| #define HAVE_SYS_STAT_H 1
| #define HAVE_STDLIB_H 1
| #define HAVE_STRING_H 1
| #define HAVE_MEMORY_H 1
| #define HAVE_STRINGS_H 1
| #define HAVE_INTTYPES_H 1
| #define HAVE_STDINT_H 1
| #define HAVE_UNISTD_H 1
| #define __EXTENSIONS__ 1
| #define _ALL_SOURCE 1
| #define _GNU_SOURCE 1
| #define _POSIX_PTHREAD_SEMANTICS 1
| #define _TANDEM_SOURCE 1
| #define PACKAGE "apl"
| #define VERSION "1.8"
| #define HAVE_DLFCN_H 1
| #define LT_OBJDIR ".libs/"
| #define HAVE_NCURSES_H 1
| #define HAVE_TERM_H 1
| #define HAVE_EXECINFO_H 1
| #define HAVE_FCNTL_H 1
| /* end confdefs.h.  */
| #include <stdio.h>
| #ifdef HAVE_SYS_TYPES_H
| # include <sys/types.h>
| #endif
| #ifdef HAVE_SYS_STAT_H
| # include <sys/stat.h>
| #endif
| #ifdef STDC_HEADERS
| # include <stdlib.h>
| # include <stddef.h>
| #else
| # ifdef HAVE_STDLIB_H
| #  include <stdlib.h>
| # endif
| #endif
| #ifdef HAVE_STRING_H
| # if !defined STDC_HEADERS && defined HAVE_MEMORY_H
| #  include <memory.h>
| # endif
| # include <string.h>
| #endif
| #ifdef HAVE_STRINGS_H
| # include <strings.h>
| #endif
| #ifdef HAVE_INTTYPES_H
| # include <inttypes.h>
| #endif
| #ifdef HAVE_STDINT_H
| # include <stdint.h>
| #endif
| #ifdef HAVE_UNISTD_H
| # include <unistd.h>
| #endif
| #include <fftw3.h>
configure:16945: result: no
configure:16945: checking fftw3.h presence
configure:16945: g++ -E  conftest.cpp
conftest.cpp:32:19: fatal error: fftw3.h: No such file or directory
compilation terminated.
configure:16945: $? = 1
configure: failed program was:
| /* confdefs.h */
| #define PACKAGE_NAME "GNU APL"
| #define PACKAGE_TARNAME "apl"
| #define PACKAGE_VERSION "1.8"
| #define PACKAGE_STRING "GNU APL 1.8"
| #define PACKAGE_BUGREPORT "bug-apl@gnu.org"
| #define PACKAGE_URL "http://www.gnu.org/software/apl/"
| #define STDC_HEADERS 1
| #define HAVE_SYS_TYPES_H 1
| #define HAVE_SYS_STAT_H 1
| #define HAVE_STDLIB_H 1
| #define HAVE_STRING_H 1
| #define HAVE_MEMORY_H 1
| #define HAVE_STRINGS_H 1
| #define HAVE_INTTYPES_H 1
| #define HAVE_STDINT_H 1
| #define HAVE_UNISTD_H 1
| #define __EXTENSIONS__ 1
| #define _ALL_SOURCE 1
| #define _GNU_SOURCE 1
| #define _POSIX_PTHREAD_SEMANTICS 1
| #define _TANDEM_SOURCE 1
| #define PACKAGE "apl"
| #define VERSION "1.8"
| #define HAVE_DLFCN_H 1
| #define LT_OBJDIR ".libs/"
| #define HAVE_NCURSES_H 1
| #define HAVE_TERM_H 1
| #define HAVE_EXECINFO_H 1
| #define HAVE_FCNTL_H 1
| /* end confdefs.h.  */
| #include <fftw3.h>
configure:16945: result: no
configure:16945: checking for fftw3.h
configure:16945: result: no
configure:16945: checking for inttypes.h
configure:16945: result: yes
configure:16945: checking for stdint.h
configure:16945: result: yes
configure:16945: checking for stdlib.h
configure:16945: result: yes
configure:16945: checking for string.h
configure:16945: result: yes
configure:16945: checking for strings.h
configure:16945: result: yes
configure:16945: checking for unistd.h
configure:16945: result: yes
configure:16945: checking sys/un.h usability
configure:16945: g++ -c -g -O2  conftest.cpp >&5
configure:16945: $? = 0
configure:16945: result: yes
configure:16945: checking sys/un.h presence
configure:16945: g++ -E  conftest.cpp
configure:16945: $? = 0
configure:16945: result: yes
configure:16945: checking for sys/un.h
configure:16945: result: yes
configure:16945: checking ext/atomicity.h usability
configure:16945: g++ -c -g -O2  conftest.cpp >&5
configure:16945: $? = 0
configure:16945: result: yes
configure:16945: checking ext/atomicity.h presence
configure:16945: g++ -E  conftest.cpp
configure:16945: $? = 0
configure:16945: result: yes
configure:16945: checking for ext/atomicity.h
configure:16945: result: yes
configure:16945: checking xcb/xcb.h usability
configure:16945: g++ -c -g -O2  conftest.cpp >&5
configure:16945: $? = 0
configure:16945: result: yes
configure:16945: checking xcb/xcb.h presence
configure:16945: g++ -E  conftest.cpp
configure:16945: $? = 0
configure:16945: result: yes
configure:16945: checking for xcb/xcb.h
configure:16945: result: yes
configure:16945: checking utmpx.h usability
configure:16945: g++ -c -g -O2  conftest.cpp >&5
configure:16945: $? = 0
configure:16945: result: yes
configure:16945: checking utmpx.h presence
configure:16945: g++ -E  conftest.cpp
configure:16945: $? = 0
configure:16945: result: yes
configure:16945: checking for utmpx.h
configure:16945: result: yes
configure:16957: checking for xcb/xproto.h
configure:16957: g++ -c -g -O2  conftest.cpp >&5
configure:16957: $? = 0
configure:16957: result: yes
configure:16967: checking for stdbool.h that conforms to C99
configure:17034: g++ -c -g -O2  conftest.cpp >&5
configure:17034: $? = 0
configure:17041: result: yes
configure:17043: checking for _Bool
configure:17043: g++ -c -g -O2  conftest.cpp >&5
conftest.cpp: In function 'int main()':
conftest.cpp:78:13: error: '_Bool' was not declared in this scope
 if (sizeof (_Bool))
             ^
configure:17043: $? = 1
configure: failed program was:
| /* confdefs.h */
| #define PACKAGE_NAME "GNU APL"
| #define PACKAGE_TARNAME "apl"
| #define PACKAGE_VERSION "1.8"
| #define PACKAGE_STRING "GNU APL 1.8"
| #define PACKAGE_BUGREPORT "bug-apl@gnu.org"
| #define PACKAGE_URL "http://www.gnu.org/software/apl/"
| #define STDC_HEADERS 1
| #define HAVE_SYS_TYPES_H 1
| #define HAVE_SYS_STAT_H 1
| #define HAVE_STDLIB_H 1
| #define HAVE_STRING_H 1
| #define HAVE_MEMORY_H 1
| #define HAVE_STRINGS_H 1
| #define HAVE_INTTYPES_H 1
| #define HAVE_STDINT_H 1
| #define HAVE_UNISTD_H 1
| #define __EXTENSIONS__ 1
| #define _ALL_SOURCE 1
| #define _GNU_SOURCE 1
| #define _POSIX_PTHREAD_SEMANTICS 1
| #define _TANDEM_SOURCE 1
| #define PACKAGE "apl"
| #define VERSION "1.8"
| #define HAVE_DLFCN_H 1
| #define LT_OBJDIR ".libs/"
| #define HAVE_NCURSES_H 1
| #define HAVE_TERM_H 1
| #define HAVE_EXECINFO_H 1
| #define HAVE_FCNTL_H 1
| #define HAVE_INTTYPES_H 1
| #define HAVE_STDINT_H 1
| #define HAVE_STDLIB_H 1
| #define HAVE_STRING_H 1
| #define HAVE_STRINGS_H 1
| #define HAVE_UNISTD_H 1
| #define HAVE_SYS_UN_H 1
| #define HAVE_EXT_ATOMICITY_H 1
| #define HAVE_XCB_XCB_H 1
| #define HAVE_UTMPX_H 1
| /* end confdefs.h.  */
| #include <stdio.h>
| #ifdef HAVE_SYS_TYPES_H
| # include <sys/types.h>
| #endif
| #ifdef HAVE_SYS_STAT_H
| # include <sys/stat.h>
| #endif
| #ifdef STDC_HEADERS
| # include <stdlib.h>
| # include <stddef.h>
| #else
| # ifdef HAVE_STDLIB_H
| #  include <stdlib.h>
| # endif
| #endif
| #ifdef HAVE_STRING_H
| # if !defined STDC_HEADERS && defined HAVE_MEMORY_H
| #  include <memory.h>
| # endif
| # include <string.h>
| #endif
| #ifdef HAVE_STRINGS_H
| # include <strings.h>
| #endif
| #ifdef HAVE_INTTYPES_H
| # include <inttypes.h>
| #endif
| #ifdef HAVE_STDINT_H
| # include <stdint.h>
| #endif
| #ifdef HAVE_UNISTD_H
| # include <unistd.h>
| #endif
| int
| main ()
| {
| if (sizeof (_Bool))
| 	 return 0;
|   ;
|   return 0;
| }
configure:17043: result: no
configure:17060: checking for inline
configure:17076: g++ -c -g -O2  conftest.cpp >&5
configure:17076: $? = 0
configure:17084: result: inline
configure:17102: checking for int32_t
configure:17102: g++ -c -g -O2  conftest.cpp >&5
configure:17102: $? = 0
configure:17102: g++ -c -g -O2  conftest.cpp >&5
conftest.cpp: In function 'int main()':
conftest.cpp:81:53: warning: integer overflow in expression [-Woverflow]
    < (int32_t) (((((int32_t) 1 << N) << N) - 1) * 2 + 2))];
                                                     ^
conftest.cpp:81:58: error: size of array 'test_array' is negative
    < (int32_t) (((((int32_t) 1 << N) << N) - 1) * 2 + 2))];
                                                          ^
configure:17102: $? = 1
configure: failed program was:
| /* confdefs.h */
| #define PACKAGE_NAME "GNU APL"
| #define PACKAGE_TARNAME "apl"
| #define PACKAGE_VERSION "1.8"
| #define PACKAGE_STRING "GNU APL 1.8"
| #define PACKAGE_BUGREPORT "bug-apl@gnu.org"
| #define PACKAGE_URL "http://www.gnu.org/software/apl/"
| #define STDC_HEADERS 1
| #define HAVE_SYS_TYPES_H 1
| #define HAVE_SYS_STAT_H 1
| #define HAVE_STDLIB_H 1
| #define HAVE_STRING_H 1
| #define HAVE_MEMORY_H 1
| #define HAVE_STRINGS_H 1
| #define HAVE_INTTYPES_H 1
| #define HAVE_STDINT_H 1
| #define HAVE_UNISTD_H 1
| #define __EXTENSIONS__ 1
| #define _ALL_SOURCE 1
| #define _GNU_SOURCE 1
| #define _POSIX_PTHREAD_SEMANTICS 1
| #define _TANDEM_SOURCE 1
| #define PACKAGE "apl"
| #define VERSION "1.8"
| #define HAVE_DLFCN_H 1
| #define LT_OBJDIR ".libs/"
| #define HAVE_NCURSES_H 1
| #define HAVE_TERM_H 1
| #define HAVE_EXECINFO_H 1
| #define HAVE_FCNTL_H 1
| #define HAVE_INTTYPES_H 1
| #define HAVE_STDINT_H 1
| #define HAVE_STDLIB_H 1
| #define HAVE_STRING_H 1
| #define HAVE_STRINGS_H 1
| #define HAVE_UNISTD_H 1
| #define HAVE_SYS_UN_H 1
| #define HAVE_EXT_ATOMICITY_H 1
| #define HAVE_XCB_XCB_H 1
| #define HAVE_UTMPX_H 1
| #define HAVE_STDBOOL_H 1
| /* end confdefs.h.  */
| #include <stdio.h>
| #ifdef HAVE_SYS_TYPES_H
| # include <sys/types.h>
| #endif
| #ifdef HAVE_SYS_STAT_H
| # include <sys/stat.h>
| #endif
| #ifdef STDC_HEADERS
| # include <stdlib.h>
| # include <stddef.h>
| #else
| # ifdef HAVE_STDLIB_H
| #  include <stdlib.h>
| # endif
| #endif
| #ifdef HAVE_STRING_H
| # if !defined STDC_HEADERS && defined HAVE_MEMORY_H
| #  include <memory.h>
| # endif
| # include <string.h>
| #endif
| #ifdef HAVE_STRINGS_H
| # include <strings.h>
| #endif
| #ifdef HAVE_INTTYPES_H
| # include <inttypes.h>
| #endif
| #ifdef HAVE_STDINT_H
| # include <stdint.h>
| #endif
| #ifdef HAVE_UNISTD_H
| # include <unistd.h>
| #endif
| 	        enum { N = 32 / 2 - 1 };
| int
| main ()
| {
| static int test_array [1 - 2 * !((int32_t) (((((int32_t) 1 << N) << N) - 1) * 2 + 1)
| 		 < (int32_t) (((((int32_t) 1 << N) << N) - 1) * 2 + 2))];
| test_array [0] = 0;
| return test_array [0];
| 
|   ;
|   return 0;
| }
configure:17102: result: yes
configure:17113: checking for int64_t
configure:17113: g++ -c -g -O2  conftest.cpp >&5
configure:17113: $? = 0
configure:17113: g++ -c -g -O2  conftest.cpp >&5
conftest.cpp: In function 'int main()':
conftest.cpp:81:53: warning: integer overflow in expression [-Woverflow]
    < (int64_t) (((((int64_t) 1 << N) << N) - 1) * 2 + 2))];
                                                     ^
conftest.cpp:81:58: error: size of array 'test_array' is negative
    < (int64_t) (((((int64_t) 1 << N) << N) - 1) * 2 + 2))];
                                                          ^
configure:17113: $? = 1
configure: failed program was:
| /* confdefs.h */
| #define PACKAGE_NAME "GNU APL"
| #define PACKAGE_TARNAME "apl"
| #define PACKAGE_VERSION "1.8"
| #define PACKAGE_STRING "GNU APL 1.8"
| #define PACKAGE_BUGREPORT "bug-apl@gnu.org"
| #define PACKAGE_URL "http://www.gnu.org/software/apl/"
| #define STDC_HEADERS 1
| #define HAVE_SYS_TYPES_H 1
| #define HAVE_SYS_STAT_H 1
| #define HAVE_STDLIB_H 1
| #define HAVE_STRING_H 1
| #define HAVE_MEMORY_H 1
| #define HAVE_STRINGS_H 1
| #define HAVE_INTTYPES_H 1
| #define HAVE_STDINT_H 1
| #define HAVE_UNISTD_H 1
| #define __EXTENSIONS__ 1
| #define _ALL_SOURCE 1
| #define _GNU_SOURCE 1
| #define _POSIX_PTHREAD_SEMANTICS 1
| #define _TANDEM_SOURCE 1
| #define PACKAGE "apl"
| #define VERSION "1.8"
| #define HAVE_DLFCN_H 1
| #define LT_OBJDIR ".libs/"
| #define HAVE_NCURSES_H 1
| #define HAVE_TERM_H 1
| #define HAVE_EXECINFO_H 1
| #define HAVE_FCNTL_H 1
| #define HAVE_INTTYPES_H 1
| #define HAVE_STDINT_H 1
| #define HAVE_STDLIB_H 1
| #define HAVE_STRING_H 1
| #define HAVE_STRINGS_H 1
| #define HAVE_UNISTD_H 1
| #define HAVE_SYS_UN_H 1
| #define HAVE_EXT_ATOMICITY_H 1
| #define HAVE_XCB_XCB_H 1
| #define HAVE_UTMPX_H 1
| #define HAVE_STDBOOL_H 1
| /* end confdefs.h.  */
| #include <stdio.h>
| #ifdef HAVE_SYS_TYPES_H
| # include <sys/types.h>
| #endif
| #ifdef HAVE_SYS_STAT_H
| # include <sys/stat.h>
| #endif
| #ifdef STDC_HEADERS
| # include <stdlib.h>
| # include <stddef.h>
| #else
| # ifdef HAVE_STDLIB_H
| #  include <stdlib.h>
| # endif
| #endif
| #ifdef HAVE_STRING_H
| # if !defined STDC_HEADERS && defined HAVE_MEMORY_H
| #  include <memory.h>
| # endif
| # include <string.h>
| #endif
| #ifdef HAVE_STRINGS_H
| # include <strings.h>
| #endif
| #ifdef HAVE_INTTYPES_H
| # include <inttypes.h>
| #endif
| #ifdef HAVE_STDINT_H
| # include <stdint.h>
| #endif
| #ifdef HAVE_UNISTD_H
| # include <unistd.h>
| #endif
| 	        enum { N = 64 / 2 - 1 };
| int
| main ()
| {
| static int test_array [1 - 2 * !((int64_t) (((((int64_t) 1 << N) << N) - 1) * 2 + 1)
| 		 < (int64_t) (((((int64_t) 1 << N) << N) - 1) * 2 + 2))];
| test_array [0] = 0;
| return test_array [0];
| 
|   ;
|   return 0;
| }
configure:17113: result: yes
configure:17124: checking for off_t
configure:17124: g++ -c -g -O2  conftest.cpp >&5
configure:17124: $? = 0
configure:17124: g++ -c -g -O2  conftest.cpp >&5
conftest.cpp: In function 'int main()':
conftest.cpp:79:19: error: expected primary-expression before ')' token
 if (sizeof ((off_t)))
                   ^
configure:17124: $? = 1
configure: failed program was:
| /* confdefs.h */
| #define PACKAGE_NAME "GNU APL"
| #define PACKAGE_TARNAME "apl"
| #define PACKAGE_VERSION "1.8"
| #define PACKAGE_STRING "GNU APL 1.8"
| #define PACKAGE_BUGREPORT "bug-apl@gnu.org"
| #define PACKAGE_URL "http://www.gnu.org/software/apl/"
| #define STDC_HEADERS 1
| #define HAVE_SYS_TYPES_H 1
| #define HAVE_SYS_STAT_H 1
| #define HAVE_STDLIB_H 1
| #define HAVE_STRING_H 1
| #define HAVE_MEMORY_H 1
| #define HAVE_STRINGS_H 1
| #define HAVE_INTTYPES_H 1
| #define HAVE_STDINT_H 1
| #define HAVE_UNISTD_H 1
| #define __EXTENSIONS__ 1
| #define _ALL_SOURCE 1
| #define _GNU_SOURCE 1
| #define _POSIX_PTHREAD_SEMANTICS 1
| #define _TANDEM_SOURCE 1
| #define PACKAGE "apl"
| #define VERSION "1.8"
| #define HAVE_DLFCN_H 1
| #define LT_OBJDIR ".libs/"
| #define HAVE_NCURSES_H 1
| #define HAVE_TERM_H 1
| #define HAVE_EXECINFO_H 1
| #define HAVE_FCNTL_H 1
| #define HAVE_INTTYPES_H 1
| #define HAVE_STDINT_H 1
| #define HAVE_STDLIB_H 1
| #define HAVE_STRING_H 1
| #define HAVE_STRINGS_H 1
| #define HAVE_UNISTD_H 1
| #define HAVE_SYS_UN_H 1
| #define HAVE_EXT_ATOMICITY_H 1
| #define HAVE_XCB_XCB_H 1
| #define HAVE_UTMPX_H 1
| #define HAVE_STDBOOL_H 1
| /* end confdefs.h.  */
| #include <stdio.h>
| #ifdef HAVE_SYS_TYPES_H
| # include <sys/types.h>
| #endif
| #ifdef HAVE_SYS_STAT_H
| # include <sys/stat.h>
| #endif
| #ifdef STDC_HEADERS
| # include <stdlib.h>
| # include <stddef.h>
| #else
| # ifdef HAVE_STDLIB_H
| #  include <stdlib.h>
| # endif
| #endif
| #ifdef HAVE_STRING_H
| # if !defined STDC_HEADERS && defined HAVE_MEMORY_H
| #  include <memory.h>
| # endif
| # include <string.h>
| #endif
| #ifdef HAVE_STRINGS_H
| # include <strings.h>
| #endif
| #ifdef HAVE_INTTYPES_H
| # include <inttypes.h>
| #endif
| #ifdef HAVE_STDINT_H
| # include <stdint.h>
| #endif
| #ifdef HAVE_UNISTD_H
| # include <unistd.h>
| #endif
| int
| main ()
| {
| if (sizeof ((off_t)))
| 	    return 0;
|   ;
|   return 0;
| }
configure:17124: result: yes
configure:17135: checking for size_t
configure:17135: g++ -c -g -O2  conftest.cpp >&5
configure:17135: $? = 0
configure:17135: g++ -c -g -O2  conftest.cpp >&5
conftest.cpp: In function 'int main()':
conftest.cpp:79:20: error: expected primary-expression before ')' token
 if (sizeof ((size_t)))
                    ^
configure:17135: $? = 1
configure: failed program was:
| /* confdefs.h */
| #define PACKAGE_NAME "GNU APL"
| #define PACKAGE_TARNAME "apl"
| #define PACKAGE_VERSION "1.8"
| #define PACKAGE_STRING "GNU APL 1.8"
| #define PACKAGE_BUGREPORT "bug-apl@gnu.org"
| #define PACKAGE_URL "http://www.gnu.org/software/apl/"
| #define STDC_HEADERS 1
| #define HAVE_SYS_TYPES_H 1
| #define HAVE_SYS_STAT_H 1
| #define HAVE_STDLIB_H 1
| #define HAVE_STRING_H 1
| #define HAVE_MEMORY_H 1
| #define HAVE_STRINGS_H 1
| #define HAVE_INTTYPES_H 1
| #define HAVE_STDINT_H 1
| #define HAVE_UNISTD_H 1
| #define __EXTENSIONS__ 1
| #define _ALL_SOURCE 1
| #define _GNU_SOURCE 1
| #define _POSIX_PTHREAD_SEMANTICS 1
| #define _TANDEM_SOURCE 1
| #define PACKAGE "apl"
| #define VERSION "1.8"
| #define HAVE_DLFCN_H 1
| #define LT_OBJDIR ".libs/"
| #define HAVE_NCURSES_H 1
| #define HAVE_TERM_H 1
| #define HAVE_EXECINFO_H 1
| #define HAVE_FCNTL_H 1
| #define HAVE_INTTYPES_H 1
| #define HAVE_STDINT_H 1
| #define HAVE_STDLIB_H 1
| #define HAVE_STRING_H 1
| #define HAVE_STRINGS_H 1
| #define HAVE_UNISTD_H 1
| #define HAVE_SYS_UN_H 1
| #define HAVE_EXT_ATOMICITY_H 1
| #define HAVE_XCB_XCB_H 1
| #define HAVE_UTMPX_H 1
| #define HAVE_STDBOOL_H 1
| /* end confdefs.h.  */
| #include <stdio.h>
| #ifdef HAVE_SYS_TYPES_H
| # include <sys/types.h>
| #endif
| #ifdef HAVE_SYS_STAT_H
| # include <sys/stat.h>
| #endif
| #ifdef STDC_HEADERS
| # include <stdlib.h>
| # include <stddef.h>
| #else
| # ifdef HAVE_STDLIB_H
| #  include <stdlib.h>
| # endif
| #endif
| #ifdef HAVE_STRING_H
| # if !defined STDC_HEADERS && defined HAVE_MEMORY_H
| #  include <memory.h>
| # endif
| # include <string.h>
| #endif
| #ifdef HAVE_STRINGS_H
| # include <strings.h>
| #endif
| #ifdef HAVE_INTTYPES_H
| # include <inttypes.h>
| #endif
| #ifdef HAVE_STDINT_H
| # include <stdint.h>
| #endif
| #ifdef HAVE_UNISTD_H
| # include <unistd.h>
| #endif
| int
| main ()
| {
| if (sizeof ((size_t)))
| 	    return 0;
|   ;
|   return 0;
| }
configure:17135: result: yes
configure:17146: checking for uint32_t
configure:17146: g++ -c -g -O2  conftest.cpp >&5
configure:17146: $? = 0
configure:17146: result: yes
configure:17160: checking for uint64_t
configure:17160: g++ -c -g -O2  conftest.cpp >&5
configure:17160: $? = 0
configure:17160: result: yes
configure:17174: checking for uint8_t
configure:17174: g++ -c -g -O2  conftest.cpp >&5
configure:17174: $? = 0
configure:17174: result: yes
configure:17190: checking for error_at_line
configure:17206: g++ -o conftest -g -O2   conftest.cpp  >&5
configure:17206: $? = 0
configure:17214: result: yes
configure:17231: checking for stdlib.h
configure:17231: result: yes
configure:17231: checking for unistd.h
configure:17231: result: yes
configure:17231: checking for sys/param.h
configure:17231: g++ -c -g -O2  conftest.cpp >&5
configure:17231: $? = 0
configure:17231: result: yes
configure:17251: checking for getpagesize
configure:17251: g++ -o conftest -g -O2   conftest.cpp  >&5
configure:17251: $? = 0
configure:17251: result: yes
configure:17260: checking for working mmap
configure:17407: g++ -o conftest -g -O2   conftest.cpp  >&5
configure:17407: $? = 0
configure:17407: ./conftest
configure:17407: $? = 0
configure:17417: result: yes
configure:17429: checking for floor
configure:17429: g++ -o conftest -g -O2   conftest.cpp  >&5
configure:17429: $? = 0
configure:17429: result: yes
configure:17429: checking for memset
configure:17429: g++ -o conftest -g -O2   conftest.cpp  >&5
configure:17429: $? = 0
configure:17429: result: yes
configure:17429: checking for munmap
configure:17429: g++ -o conftest -g -O2   conftest.cpp  >&5
configure:17429: $? = 0
configure:17429: result: yes
configure:17429: checking for pow
configure:17429: g++ -o conftest -g -O2   conftest.cpp  >&5
configure:17429: $? = 0
configure:17429: result: yes
configure:17429: checking for sqrt
configure:17429: g++ -o conftest -g -O2   conftest.cpp  >&5
configure:17429: $? = 0
configure:17429: result: yes
configure:17429: checking for strchr
configure:17429: g++ -o conftest -g -O2   conftest.cpp  >&5
configure:17429: $? = 0
configure:17429: result: yes
configure:17429: checking for strerror
configure:17429: g++ -o conftest -g -O2   conftest.cpp  >&5
configure:17429: $? = 0
configure:17429: result: yes
configure:17441: checking for socket in -lsocket
configure:17466: g++ -o conftest -g -O2   conftest.cpp -lsocket   >&5
/usr/bin/ld: cannot find -lsocket
collect2: error: ld returned 1 exit status
configure:17466: $? = 1
configure: failed program was:
| /* confdefs.h */
| #define PACKAGE_NAME "GNU APL"
| #define PACKAGE_TARNAME "apl"
| #define PACKAGE_VERSION "1.8"
| #define PACKAGE_STRING "GNU APL 1.8"
| #define PACKAGE_BUGREPORT "bug-apl@gnu.org"
| #define PACKAGE_URL "http://www.gnu.org/software/apl/"
| #define STDC_HEADERS 1
| #define HAVE_SYS_TYPES_H 1
| #define HAVE_SYS_STAT_H 1
| #define HAVE_STDLIB_H 1
| #define HAVE_STRING_H 1
| #define HAVE_MEMORY_H 1
| #define HAVE_STRINGS_H 1
| #define HAVE_INTTYPES_H 1
| #define HAVE_STDINT_H 1
| #define HAVE_UNISTD_H 1
| #define __EXTENSIONS__ 1
| #define _ALL_SOURCE 1
| #define _GNU_SOURCE 1
| #define _POSIX_PTHREAD_SEMANTICS 1
| #define _TANDEM_SOURCE 1
| #define PACKAGE "apl"
| #define VERSION "1.8"
| #define HAVE_DLFCN_H 1
| #define LT_OBJDIR ".libs/"
| #define HAVE_NCURSES_H 1
| #define HAVE_TERM_H 1
| #define HAVE_EXECINFO_H 1
| #define HAVE_FCNTL_H 1
| #define HAVE_INTTYPES_H 1
| #define HAVE_STDINT_H 1
| #define HAVE_STDLIB_H 1
| #define HAVE_STRING_H 1
| #define HAVE_STRINGS_H 1
| #define HAVE_UNISTD_H 1
| #define HAVE_SYS_UN_H 1
| #define HAVE_EXT_ATOMICITY_H 1
| #define HAVE_XCB_XCB_H 1
| #define HAVE_UTMPX_H 1
| #define HAVE_STDBOOL_H 1
| #define HAVE_STDLIB_H 1
| #define HAVE_UNISTD_H 1
| #define HAVE_SYS_PARAM_H 1
| #define HAVE_GETPAGESIZE 1
| #define HAVE_MMAP 1
| #define HAVE_FLOOR 1
| #define HAVE_MEMSET 1
| #define HAVE_MUNMAP 1
| #define HAVE_POW 1
| #define HAVE_SQRT 1
| #define HAVE_STRCHR 1
| #define HAVE_STRERROR 1
| /* end confdefs.h.  */
| 
| /* Override any GCC internal prototype to avoid an error.
|    Use char because int might match the return type of a GCC
|    builtin and then its argument prototype would still apply.  */
| #ifdef __cplusplus
| extern "C"
| #endif
| char socket ();
| int
| main ()
| {
| return socket ();
|   ;
|   return 0;
| }
configure:17475: result: no
configure:17486: checking for yp_all in -lnsl
configure:17511: g++ -o conftest -g -O2   conftest.cpp -lnsl   >&5
configure:17511: $? = 0
configure:17520: result: yes
configure:17534: checking for setupterm in -lncurses
configure:17559: g++ -o conftest -g -O2   conftest.cpp -lncurses  -lnsl  >&5
configure:17559: $? = 0
configure:17568: result: yes
configure:17628: checking for backtrace in -lexecinfo
configure:17653: g++ -o conftest -g -O2   conftest.cpp -lexecinfo  -lncurses -lnsl  >&5
/usr/bin/ld: cannot find -lexecinfo
collect2: error: ld returned 1 exit status
configure:17653: $? = 1
configure: failed program was:
| /* confdefs.h */
| #define PACKAGE_NAME "GNU APL"
| #define PACKAGE_TARNAME "apl"
| #define PACKAGE_VERSION "1.8"
| #define PACKAGE_STRING "GNU APL 1.8"
| #define PACKAGE_BUGREPORT "bug-apl@gnu.org"
| #define PACKAGE_URL "http://www.gnu.org/software/apl/"
| #define STDC_HEADERS 1
| #define HAVE_SYS_TYPES_H 1
| #define HAVE_SYS_STAT_H 1
| #define HAVE_STDLIB_H 1
| #define HAVE_STRING_H 1
| #define HAVE_MEMORY_H 1
| #define HAVE_STRINGS_H 1
| #define HAVE_INTTYPES_H 1
| #define HAVE_STDINT_H 1
| #define HAVE_UNISTD_H 1
| #define __EXTENSIONS__ 1
| #define _ALL_SOURCE 1
| #define _GNU_SOURCE 1
| #define _POSIX_PTHREAD_SEMANTICS 1
| #define _TANDEM_SOURCE 1
| #define PACKAGE "apl"
| #define VERSION "1.8"
| #define HAVE_DLFCN_H 1
| #define LT_OBJDIR ".libs/"
| #define HAVE_NCURSES_H 1
| #define HAVE_TERM_H 1
| #define HAVE_EXECINFO_H 1
| #define HAVE_FCNTL_H 1
| #define HAVE_INTTYPES_H 1
| #define HAVE_STDINT_H 1
| #define HAVE_STDLIB_H 1
| #define HAVE_STRING_H 1
| #define HAVE_STRINGS_H 1
| #define HAVE_UNISTD_H 1
| #define HAVE_SYS_UN_H 1
| #define HAVE_EXT_ATOMICITY_H 1
| #define HAVE_XCB_XCB_H 1
| #define HAVE_UTMPX_H 1
| #define HAVE_STDBOOL_H 1
| #define HAVE_STDLIB_H 1
| #define HAVE_UNISTD_H 1
| #define HAVE_SYS_PARAM_H 1
| #define HAVE_GETPAGESIZE 1
| #define HAVE_MMAP 1
| #define HAVE_FLOOR 1
| #define HAVE_MEMSET 1
| #define HAVE_MUNMAP 1
| #define HAVE_POW 1
| #define HAVE_SQRT 1
| #define HAVE_STRCHR 1
| #define HAVE_STRERROR 1
| #define HAVE_LIBNSL 1
| #define HAVE_LIBCURSES 1
| /* end confdefs.h.  */
| 
| /* Override any GCC internal prototype to avoid an error.
|    Use char because int might match the return type of a GCC
|    builtin and then its argument prototype would still apply.  */
| #ifdef __cplusplus
| extern "C"
| #endif
| char backtrace ();
| int
| main ()
| {
| return backtrace ();
|   ;
|   return 0;
| }
configure:17662: result: no
configure:17673: checking for acosh in -lm
configure:17698: g++ -o conftest -g -O2   conftest.cpp -lm  -lncurses -lnsl  >&5
configure:17698: $? = 0
configure:17707: result: yes
configure:17718: checking for sem_init in -lpthread
configure:17743: g++ -o conftest -g -O2   conftest.cpp -lpthread  -lm -lncurses -lnsl  >&5
configure:17743: $? = 0
configure:17752: result: yes
configure:17763: checking for dlopen in -ldl
configure:17797: result: yes
configure:17808: checking for fftw_plan_dft in -lfftw3
configure:17833: g++ -o conftest -g -O2   conftest.cpp -lfftw3  -ldl -lpthread -lm -lncurses -lnsl  >&5
/usr/bin/ld: cannot find -lfftw3
collect2: error: ld returned 1 exit status
configure:17833: $? = 1
configure: failed program was:
| /* confdefs.h */
| #define PACKAGE_NAME "GNU APL"
| #define PACKAGE_TARNAME "apl"
| #define PACKAGE_VERSION "1.8"
| #define PACKAGE_STRING "GNU APL 1.8"
| #define PACKAGE_BUGREPORT "bug-apl@gnu.org"
| #define PACKAGE_URL "http://www.gnu.org/software/apl/"
| #define STDC_HEADERS 1
| #define HAVE_SYS_TYPES_H 1
| #define HAVE_SYS_STAT_H 1
| #define HAVE_STDLIB_H 1
| #define HAVE_STRING_H 1
| #define HAVE_MEMORY_H 1
| #define HAVE_STRINGS_H 1
| #define HAVE_INTTYPES_H 1
| #define HAVE_STDINT_H 1
| #define HAVE_UNISTD_H 1
| #define __EXTENSIONS__ 1
| #define _ALL_SOURCE 1
| #define _GNU_SOURCE 1
| #define _POSIX_PTHREAD_SEMANTICS 1
| #define _TANDEM_SOURCE 1
| #define PACKAGE "apl"
| #define VERSION "1.8"
| #define HAVE_DLFCN_H 1
| #define LT_OBJDIR ".libs/"
| #define HAVE_NCURSES_H 1
| #define HAVE_TERM_H 1
| #define HAVE_EXECINFO_H 1
| #define HAVE_FCNTL_H 1
| #define HAVE_INTTYPES_H 1
| #define HAVE_STDINT_H 1
| #define HAVE_STDLIB_H 1
| #define HAVE_STRING_H 1
| #define HAVE_STRINGS_H 1
| #define HAVE_UNISTD_H 1
| #define HAVE_SYS_UN_H 1
| #define HAVE_EXT_ATOMICITY_H 1
| #define HAVE_XCB_XCB_H 1
| #define HAVE_UTMPX_H 1
| #define HAVE_STDBOOL_H 1
| #define HAVE_STDLIB_H 1
| #define HAVE_UNISTD_H 1
| #define HAVE_SYS_PARAM_H 1
| #define HAVE_GETPAGESIZE 1
| #define HAVE_MMAP 1
| #define HAVE_FLOOR 1
| #define HAVE_MEMSET 1
| #define HAVE_MUNMAP 1
| #define HAVE_POW 1
| #define HAVE_SQRT 1
| #define HAVE_STRCHR 1
| #define HAVE_STRERROR 1
| #define HAVE_LIBNSL 1
| #define HAVE_LIBCURSES 1
| #define HAVE_LIBM 1
| #define HAVE_LIBPTHREAD 1
| #define HAVE_LIBDL 1
| /* end confdefs.h.  */
| 
| /* Override any GCC internal prototype to avoid an error.
|    Use char because int might match the return type of a GCC
|    builtin and then its argument prototype would still apply.  */
| #ifdef __cplusplus
| extern "C"
| #endif
| char fftw_plan_dft ();
| int
| main ()
| {
| return fftw_plan_dft ();
|   ;
|   return 0;
| }
configure:17842: result: no
configure:17853: checking for xcb_connect in -lxcb
configure:17878: g++ -o conftest -g -O2   conftest.cpp -lxcb  -ldl -lpthread -lm -lncurses -lnsl  >&5
configure:17878: $? = 0
configure:17887: result: yes
configure:17986: checking for SQLite3 library >= 3.0.0
configure:18035: gcc -c -g -O2   conftest.c >&5
conftest.c:62:33: fatal error: sqlite3.h: No such file or directory
compilation terminated.
configure:18035: $? = 1
configure: failed program was:
| /* confdefs.h */
| #define PACKAGE_NAME "GNU APL"
| #define PACKAGE_TARNAME "apl"
| #define PACKAGE_VERSION "1.8"
| #define PACKAGE_STRING "GNU APL 1.8"
| #define PACKAGE_BUGREPORT "bug-apl@gnu.org"
| #define PACKAGE_URL "http://www.gnu.org/software/apl/"
| #define STDC_HEADERS 1
| #define HAVE_SYS_TYPES_H 1
| #define HAVE_SYS_STAT_H 1
| #define HAVE_STDLIB_H 1
| #define HAVE_STRING_H 1
| #define HAVE_MEMORY_H 1
| #define HAVE_STRINGS_H 1
| #define HAVE_INTTYPES_H 1
| #define HAVE_STDINT_H 1
| #define HAVE_UNISTD_H 1
| #define __EXTENSIONS__ 1
| #define _ALL_SOURCE 1
| #define _GNU_SOURCE 1
| #define _POSIX_PTHREAD_SEMANTICS 1
| #define _TANDEM_SOURCE 1
| #define PACKAGE "apl"
| #define VERSION "1.8"
| #define HAVE_DLFCN_H 1
| #define LT_OBJDIR ".libs/"
| #define HAVE_NCURSES_H 1
| #define HAVE_TERM_H 1
| #define HAVE_EXECINFO_H 1
| #define HAVE_FCNTL_H 1
| #define HAVE_INTTYPES_H 1
| #define HAVE_STDINT_H 1
| #define HAVE_STDLIB_H 1
| #define HAVE_STRING_H 1
| #define HAVE_STRINGS_H 1
| #define HAVE_UNISTD_H 1
| #define HAVE_SYS_UN_H 1
| #define HAVE_EXT_ATOMICITY_H 1
| #define HAVE_XCB_XCB_H 1
| #define HAVE_UTMPX_H 1
| #define HAVE_STDBOOL_H 1
| #define HAVE_STDLIB_H 1
| #define HAVE_UNISTD_H 1
| #define HAVE_SYS_PARAM_H 1
| #define HAVE_GETPAGESIZE 1
| #define HAVE_MMAP 1
| #define HAVE_FLOOR 1
| #define HAVE_MEMSET 1
| #define HAVE_MUNMAP 1
| #define HAVE_POW 1
| #define HAVE_SQRT 1
| #define HAVE_STRCHR 1
| #define HAVE_STRERROR 1
| #define HAVE_LIBNSL 1
| #define HAVE_LIBCURSES 1
| #define HAVE_LIBM 1
| #define HAVE_LIBPTHREAD 1
| #define HAVE_LIBDL 1
| #define HAVE_LIBXCB 1
| /* end confdefs.h.  */
| 
|             #include <sqlite3.h>
| int
| main ()
| {
| 
| #if (SQLITE_VERSION_NUMBER >= 3000000)
| /* Everything is okay */
| #else
| #  error SQLite version is too old
| #endif
| 
| 
|   ;
|   return 0;
| }
| 
configure:18044: result: not found
configure:18179: checking for pg_config
configure:18197: found /usr/bin/pg_config
configure:18209: result: /usr/bin/pg_config
configure:18225: checking for PostgreSQL libraries
configure:18238: result: yes
configure:18300: checking for PostgreSQL usability
configure:18315: g++ -c -g -O2  -I conftest.cpp >&5
g++: fatal error: no input files
compilation terminated.
configure:18315: $? = 1
configure: failed program was:
| /* confdefs.h */
| #define PACKAGE_NAME "GNU APL"
| #define PACKAGE_TARNAME "apl"
| #define PACKAGE_VERSION "1.8"
| #define PACKAGE_STRING "GNU APL 1.8"
| #define PACKAGE_BUGREPORT "bug-apl@gnu.org"
| #define PACKAGE_URL "http://www.gnu.org/software/apl/"
| #define STDC_HEADERS 1
| #define HAVE_SYS_TYPES_H 1
| #define HAVE_SYS_STAT_H 1
| #define HAVE_STDLIB_H 1
| #define HAVE_STRING_H 1
| #define HAVE_MEMORY_H 1
| #define HAVE_STRINGS_H 1
| #define HAVE_INTTYPES_H 1
| #define HAVE_STDINT_H 1
| #define HAVE_UNISTD_H 1
| #define __EXTENSIONS__ 1
| #define _ALL_SOURCE 1
| #define _GNU_SOURCE 1
| #define _POSIX_PTHREAD_SEMANTICS 1
| #define _TANDEM_SOURCE 1
| #define PACKAGE "apl"
| #define VERSION "1.8"
| #define HAVE_DLFCN_H 1
| #define LT_OBJDIR ".libs/"
| #define HAVE_NCURSES_H 1
| #define HAVE_TERM_H 1
| #define HAVE_EXECINFO_H 1
| #define HAVE_FCNTL_H 1
| #define HAVE_INTTYPES_H 1
| #define HAVE_STDINT_H 1
| #define HAVE_STDLIB_H 1
| #define HAVE_STRING_H 1
| #define HAVE_STRINGS_H 1
| #define HAVE_UNISTD_H 1
| #define HAVE_SYS_UN_H 1
| #define HAVE_EXT_ATOMICITY_H 1
| #define HAVE_XCB_XCB_H 1
| #define HAVE_UTMPX_H 1
| #define HAVE_STDBOOL_H 1
| #define HAVE_STDLIB_H 1
| #define HAVE_UNISTD_H 1
| #define HAVE_SYS_PARAM_H 1
| #define HAVE_GETPAGESIZE 1
| #define HAVE_MMAP 1
| #define HAVE_FLOOR 1
| #define HAVE_MEMSET 1
| #define HAVE_MUNMAP 1
| #define HAVE_POW 1
| #define HAVE_SQRT 1
| #define HAVE_STRCHR 1
| #define HAVE_STRERROR 1
| #define HAVE_LIBNSL 1
| #define HAVE_LIBCURSES 1
| #define HAVE_LIBM 1
| #define HAVE_LIBPTHREAD 1
| #define HAVE_LIBDL 1
| #define HAVE_LIBXCB 1
| #define HAVE_POSTGRESQL 1
| /* end confdefs.h.  */
| #include <libpq-fe.h>
| int
| main ()
| {
| PGconn *db = PQconnectdbParams( 0, 0, 1 );
|   ;
|   return 0;
| }
configure:18323: result: no
configure:18389: checking for pkg-config
configure:18407: found /usr/bin/pkg-config
configure:18419: result: /usr/bin/pkg-config
configure:18444: checking pkg-config is at least version 0.9.0
configure:18447: result: yes
configure:18457: checking for XCBLIBS
configure:18464: $PKG_CONFIG --exists --print-errors "xcb >= 1.6"
configure:18467: $? = 0
configure:18481: $PKG_CONFIG --exists --print-errors "xcb >= 1.6"
configure:18484: $? = 0
configure:18522: result: yes
configure:18616: checking for pcre2_compile_32 in -lpcre2-32
configure:18641: g++ -o conftest -g -O2   conftest.cpp -lpcre2-32  -lxcb -ldl -lpthread -lm -lncurses -lnsl  >&5
/usr/bin/ld: cannot find -lpcre2-32
collect2: error: ld returned 1 exit status
configure:18641: $? = 1
configure: failed program was:
| /* confdefs.h */
| #define PACKAGE_NAME "GNU APL"
| #define PACKAGE_TARNAME "apl"
| #define PACKAGE_VERSION "1.8"
| #define PACKAGE_STRING "GNU APL 1.8"
| #define PACKAGE_BUGREPORT "bug-apl@gnu.org"
| #define PACKAGE_URL "http://www.gnu.org/software/apl/"
| #define STDC_HEADERS 1
| #define HAVE_SYS_TYPES_H 1
| #define HAVE_SYS_STAT_H 1
| #define HAVE_STDLIB_H 1
| #define HAVE_STRING_H 1
| #define HAVE_MEMORY_H 1
| #define HAVE_STRINGS_H 1
| #define HAVE_INTTYPES_H 1
| #define HAVE_STDINT_H 1
| #define HAVE_UNISTD_H 1
| #define __EXTENSIONS__ 1
| #define _ALL_SOURCE 1
| #define _GNU_SOURCE 1
| #define _POSIX_PTHREAD_SEMANTICS 1
| #define _TANDEM_SOURCE 1
| #define PACKAGE "apl"
| #define VERSION "1.8"
| #define HAVE_DLFCN_H 1
| #define LT_OBJDIR ".libs/"
| #define HAVE_NCURSES_H 1
| #define HAVE_TERM_H 1
| #define HAVE_EXECINFO_H 1
| #define HAVE_FCNTL_H 1
| #define HAVE_INTTYPES_H 1
| #define HAVE_STDINT_H 1
| #define HAVE_STDLIB_H 1
| #define HAVE_STRING_H 1
| #define HAVE_STRINGS_H 1
| #define HAVE_UNISTD_H 1
| #define HAVE_SYS_UN_H 1
| #define HAVE_EXT_ATOMICITY_H 1
| #define HAVE_XCB_XCB_H 1
| #define HAVE_UTMPX_H 1
| #define HAVE_STDBOOL_H 1
| #define HAVE_STDLIB_H 1
| #define HAVE_UNISTD_H 1
| #define HAVE_SYS_PARAM_H 1
| #define HAVE_GETPAGESIZE 1
| #define HAVE_MMAP 1
| #define HAVE_FLOOR 1
| #define HAVE_MEMSET 1
| #define HAVE_MUNMAP 1
| #define HAVE_POW 1
| #define HAVE_SQRT 1
| #define HAVE_STRCHR 1
| #define HAVE_STRERROR 1
| #define HAVE_LIBNSL 1
| #define HAVE_LIBCURSES 1
| #define HAVE_LIBM 1
| #define HAVE_LIBPTHREAD 1
| #define HAVE_LIBDL 1
| #define HAVE_LIBXCB 1
| #define HAVE_POSTGRESQL 1
| #define HAVE_GTK3 1
| /* end confdefs.h.  */
| 
| /* Override any GCC internal prototype to avoid an error.
|    Use char because int might match the return type of a GCC
|    builtin and then its argument prototype would still apply.  */
| #ifdef __cplusplus
| extern "C"
| #endif
| char pcre2_compile_32 ();
| int
| main ()
| {
| return pcre2_compile_32 ();
|   ;
|   return 0;
| }
configure:18650: result: no
configure:18744: checking for GTK
configure:18751: $PKG_CONFIG --exists --print-errors "gtk+-3.0"
Package gtk+-3.0 was not found in the pkg-config search path.
Perhaps you should add the directory containing `gtk+-3.0.pc'
to the PKG_CONFIG_PATH environment variable
No package 'gtk+-3.0' found
configure:18754: $? = 1
configure:18768: $PKG_CONFIG --exists --print-errors "gtk+-3.0"
Package gtk+-3.0 was not found in the pkg-config search path.
Perhaps you should add the directory containing `gtk+-3.0.pc'
to the PKG_CONFIG_PATH environment variable
No package 'gtk+-3.0' found
configure:18771: $? = 1
configure:18785: result: no
No package 'gtk+-3.0' found
configure:18838: checking whether CPU has rdtsc (read CPU cycle counter) opcode
configure:18853: g++ -c -g -O2  conftest.cpp >&5
conftest.cpp:62:0: warning: "HAVE_GTK3" redefined
 #define HAVE_GTK3 0
 ^
conftest.cpp:61:0: note: this is the location of the previous definition
 #define HAVE_GTK3 1
 ^
configure:18853: $? = 0
configure:18874: result: yes
configure:18884: checking whether sem_init() works
configure:18900: g++ -c -Wall -Werror  conftest.cpp >&5
conftest.cpp:62:0: error: "HAVE_GTK3" redefined [-Werror]
 #define HAVE_GTK3 0
 ^
conftest.cpp:61:0: note: this is the location of the previous definition
 #define HAVE_GTK3 1
 ^
cc1plus: all warnings being treated as errors
configure:18900: $? = 1
configure: failed program was:
| /* confdefs.h */
| #define PACKAGE_NAME "GNU APL"
| #define PACKAGE_TARNAME "apl"
| #define PACKAGE_VERSION "1.8"
| #define PACKAGE_STRING "GNU APL 1.8"
| #define PACKAGE_BUGREPORT "bug-apl@gnu.org"
| #define PACKAGE_URL "http://www.gnu.org/software/apl/"
| #define STDC_HEADERS 1
| #define HAVE_SYS_TYPES_H 1
| #define HAVE_SYS_STAT_H 1
| #define HAVE_STDLIB_H 1
| #define HAVE_STRING_H 1
| #define HAVE_MEMORY_H 1
| #define HAVE_STRINGS_H 1
| #define HAVE_INTTYPES_H 1
| #define HAVE_STDINT_H 1
| #define HAVE_UNISTD_H 1
| #define __EXTENSIONS__ 1
| #define _ALL_SOURCE 1
| #define _GNU_SOURCE 1
| #define _POSIX_PTHREAD_SEMANTICS 1
| #define _TANDEM_SOURCE 1
| #define PACKAGE "apl"
| #define VERSION "1.8"
| #define HAVE_DLFCN_H 1
| #define LT_OBJDIR ".libs/"
| #define HAVE_NCURSES_H 1
| #define HAVE_TERM_H 1
| #define HAVE_EXECINFO_H 1
| #define HAVE_FCNTL_H 1
| #define HAVE_INTTYPES_H 1
| #define HAVE_STDINT_H 1
| #define HAVE_STDLIB_H 1
| #define HAVE_STRING_H 1
| #define HAVE_STRINGS_H 1
| #define HAVE_UNISTD_H 1
| #define HAVE_SYS_UN_H 1
| #define HAVE_EXT_ATOMICITY_H 1
| #define HAVE_XCB_XCB_H 1
| #define HAVE_UTMPX_H 1
| #define HAVE_STDBOOL_H 1
| #define HAVE_STDLIB_H 1
| #define HAVE_UNISTD_H 1
| #define HAVE_SYS_PARAM_H 1
| #define HAVE_GETPAGESIZE 1
| #define HAVE_MMAP 1
| #define HAVE_FLOOR 1
| #define HAVE_MEMSET 1
| #define HAVE_MUNMAP 1
| #define HAVE_POW 1
| #define HAVE_SQRT 1
| #define HAVE_STRCHR 1
| #define HAVE_STRERROR 1
| #define HAVE_LIBNSL 1
| #define HAVE_LIBCURSES 1
| #define HAVE_LIBM 1
| #define HAVE_LIBPTHREAD 1
| #define HAVE_LIBDL 1
| #define HAVE_LIBXCB 1
| #define HAVE_POSTGRESQL 1
| #define HAVE_GTK3 1
| #define HAVE_GTK3 0
| #define HAVE_RDTSC 1
| /* end confdefs.h.  */
| #include <semaphore.h>
| int
| main ()
| {
| sem_t sema;
|           sem_init(&sema, 0, 0);
| 
| 
|   ;
|   return 0;
| }
configure:18922: result: no
configure:18929: checking whether pthread_setaffinity_np is available
configure:18950: g++ -c -g -O2  conftest.cpp >&5
conftest.cpp:62:0: warning: "HAVE_GTK3" redefined
 #define HAVE_GTK3 0
 ^
conftest.cpp:61:0: note: this is the location of the previous definition
 #define HAVE_GTK3 1
 ^
configure:18950: $? = 0
configure:18970: result: yes
configure:18976: checking whether OSAtomicAdd32Barrier() is available
configure:18991: g++ -c -Wall -Werror  conftest.cpp >&5
conftest.cpp:62:0: error: "HAVE_GTK3" redefined [-Werror]
 #define HAVE_GTK3 0
 ^
conftest.cpp:61:0: note: this is the location of the previous definition
 #define HAVE_GTK3 1
 ^
conftest.cpp:66:31: fatal error: libkern/OSAtomic.h: No such file or directory
cc1plus: all warnings being treated as errors
compilation terminated.
configure:18991: $? = 1
configure: failed program was:
| /* confdefs.h */
| #define PACKAGE_NAME "GNU APL"
| #define PACKAGE_TARNAME "apl"
| #define PACKAGE_VERSION "1.8"
| #define PACKAGE_STRING "GNU APL 1.8"
| #define PACKAGE_BUGREPORT "bug-apl@gnu.org"
| #define PACKAGE_URL "http://www.gnu.org/software/apl/"
| #define STDC_HEADERS 1
| #define HAVE_SYS_TYPES_H 1
| #define HAVE_SYS_STAT_H 1
| #define HAVE_STDLIB_H 1
| #define HAVE_STRING_H 1
| #define HAVE_MEMORY_H 1
| #define HAVE_STRINGS_H 1
| #define HAVE_INTTYPES_H 1
| #define HAVE_STDINT_H 1
| #define HAVE_UNISTD_H 1
| #define __EXTENSIONS__ 1
| #define _ALL_SOURCE 1
| #define _GNU_SOURCE 1
| #define _POSIX_PTHREAD_SEMANTICS 1
| #define _TANDEM_SOURCE 1
| #define PACKAGE "apl"
| #define VERSION "1.8"
| #define HAVE_DLFCN_H 1
| #define LT_OBJDIR ".libs/"
| #define HAVE_NCURSES_H 1
| #define HAVE_TERM_H 1
| #define HAVE_EXECINFO_H 1
| #define HAVE_FCNTL_H 1
| #define HAVE_INTTYPES_H 1
| #define HAVE_STDINT_H 1
| #define HAVE_STDLIB_H 1
| #define HAVE_STRING_H 1
| #define HAVE_STRINGS_H 1
| #define HAVE_UNISTD_H 1
| #define HAVE_SYS_UN_H 1
| #define HAVE_EXT_ATOMICITY_H 1
| #define HAVE_XCB_XCB_H 1
| #define HAVE_UTMPX_H 1
| #define HAVE_STDBOOL_H 1
| #define HAVE_STDLIB_H 1
| #define HAVE_UNISTD_H 1
| #define HAVE_SYS_PARAM_H 1
| #define HAVE_GETPAGESIZE 1
| #define HAVE_MMAP 1
| #define HAVE_FLOOR 1
| #define HAVE_MEMSET 1
| #define HAVE_MUNMAP 1
| #define HAVE_POW 1
| #define HAVE_SQRT 1
| #define HAVE_STRCHR 1
| #define HAVE_STRERROR 1
| #define HAVE_LIBNSL 1
| #define HAVE_LIBCURSES 1
| #define HAVE_LIBM 1
| #define HAVE_LIBPTHREAD 1
| #define HAVE_LIBDL 1
| #define HAVE_LIBXCB 1
| #define HAVE_POSTGRESQL 1
| #define HAVE_GTK3 1
| #define HAVE_GTK3 0
| #define HAVE_RDTSC 1
| #define HAVE_AFFINITY_NP 1
| /* end confdefs.h.  */
|  #include <libkern/OSAtomic.h>
| int
| main ()
| {
|  OSAtomicAdd32Barrier(0, 0);
|   ;
|   return 0;
| }
configure:19004: result: no
configure:19010: checking whether atomic_add_32_nv() is available
configure:19025: g++ -c -g -O2  conftest.cpp >&5
conftest.cpp:62:0: warning: "HAVE_GTK3" redefined
 #define HAVE_GTK3 0
 ^
conftest.cpp:61:0: note: this is the location of the previous definition
 #define HAVE_GTK3 1
 ^
conftest.cpp:66:21: fatal error: atomic.h: No such file or directory
compilation terminated.
configure:19025: $? = 1
configure: failed program was:
| /* confdefs.h */
| #define PACKAGE_NAME "GNU APL"
| #define PACKAGE_TARNAME "apl"
| #define PACKAGE_VERSION "1.8"
| #define PACKAGE_STRING "GNU APL 1.8"
| #define PACKAGE_BUGREPORT "bug-apl@gnu.org"
| #define PACKAGE_URL "http://www.gnu.org/software/apl/"
| #define STDC_HEADERS 1
| #define HAVE_SYS_TYPES_H 1
| #define HAVE_SYS_STAT_H 1
| #define HAVE_STDLIB_H 1
| #define HAVE_STRING_H 1
| #define HAVE_MEMORY_H 1
| #define HAVE_STRINGS_H 1
| #define HAVE_INTTYPES_H 1
| #define HAVE_STDINT_H 1
| #define HAVE_UNISTD_H 1
| #define __EXTENSIONS__ 1
| #define _ALL_SOURCE 1
| #define _GNU_SOURCE 1
| #define _POSIX_PTHREAD_SEMANTICS 1
| #define _TANDEM_SOURCE 1
| #define PACKAGE "apl"
| #define VERSION "1.8"
| #define HAVE_DLFCN_H 1
| #define LT_OBJDIR ".libs/"
| #define HAVE_NCURSES_H 1
| #define HAVE_TERM_H 1
| #define HAVE_EXECINFO_H 1
| #define HAVE_FCNTL_H 1
| #define HAVE_INTTYPES_H 1
| #define HAVE_STDINT_H 1
| #define HAVE_STDLIB_H 1
| #define HAVE_STRING_H 1
| #define HAVE_STRINGS_H 1
| #define HAVE_UNISTD_H 1
| #define HAVE_SYS_UN_H 1
| #define HAVE_EXT_ATOMICITY_H 1
| #define HAVE_XCB_XCB_H 1
| #define HAVE_UTMPX_H 1
| #define HAVE_STDBOOL_H 1
| #define HAVE_STDLIB_H 1
| #define HAVE_UNISTD_H 1
| #define HAVE_SYS_PARAM_H 1
| #define HAVE_GETPAGESIZE 1
| #define HAVE_MMAP 1
| #define HAVE_FLOOR 1
| #define HAVE_MEMSET 1
| #define HAVE_MUNMAP 1
| #define HAVE_POW 1
| #define HAVE_SQRT 1
| #define HAVE_STRCHR 1
| #define HAVE_STRERROR 1
| #define HAVE_LIBNSL 1
| #define HAVE_LIBCURSES 1
| #define HAVE_LIBM 1
| #define HAVE_LIBPTHREAD 1
| #define HAVE_LIBDL 1
| #define HAVE_LIBXCB 1
| #define HAVE_POSTGRESQL 1
| #define HAVE_GTK3 1
| #define HAVE_GTK3 0
| #define HAVE_RDTSC 1
| #define HAVE_AFFINITY_NP 1
| /* end confdefs.h.  */
|  #include <atomic.h>
| int
| main ()
| {
|  atomic_add_32_nv(0, 0);
|                        atomic_add_32   (0, 0);
| 
|   ;
|   return 0;
| }
configure:19037: result: no
configure:19043: checking if we are compiling for Android
configure:19066: result: no
configure:19072: checking if we want to build an erlang interface (implies libapl.so)
configure:19096: result: no
configure:19101: checking if we want to build libapl.so
configure:19125: result: no
configure:19130: checking if we want to build libpython_apl.so
configure:19202: checking whether internal performance counters shall be enabled)
configure:19213: result: no
configure:19218: checking whether to remember the history of APL values (debug feature)
configure:19229: result: no
configure:19234: checking whether gprof profiling shall be enabled
configure:19243: result: no
configure:19248: checking whether gcov coverage testing shall be enabled
configure:19257: result: no
configure:19269: checking whether dynamic logging shall be enabled
configure:19280: result: no
configure:19285: checking whether value flags shall be traced
configure:19296: result: no
configure:19301: checking how picky internal tests shall be
configure:19310: result: 1
configure:19314: checking security level (0=none, 1=configured in preferences, 2=all)
configure:19323: result: 0
configure:19327: checking how many CPU cores shall be used by APL (experimental!)
configure:19342: result: 0
configure:19346: checking which type of socket APserver shall use
configure:19358: result: 0
configure:19362: checking which port number APserver shall use for TCP or UDP sockets
configure:19371: result: 16366
configure:19375: checking which port name APserver shall use for unix ports
configure:19384: result: /tmp/GNU-APL/APserver
configure:19388: checking how long a short APL value shall be at most
configure:19397: result: 12
configure:19402: checking whether visible markers shall be used
configure:19413: result: no
configure:19417: checking whether support for rational numbers is desired 
configure:19428: result: no
configure:19432: checking whether we compile for an i686 CPU
configure:19446: result: no
configure:19586: checking that generated files are newer than configure
configure:19592: result: done
configure:19683: creating ./config.status

## ---------------------- ##
## Running config.status. ##
## ---------------------- ##

This file was extended by GNU APL config.status 1.8, which was
generated by GNU Autoconf 2.69.  Invocation command line was

  CONFIG_FILES    = 
  CONFIG_HEADERS  = 
  CONFIG_LINKS    = 
  CONFIG_COMMANDS = 
  $ ./config.status 

on bob-HP-ProBook-640-G1

config.status:1302: creating Makefile
config.status:1302: creating build/Makefile
config.status:1302: creating debian/Makefile
config.status:1302: creating debian/source/Makefile
config.status:1302: creating doc/Makefile
config.status:1302: creating erlang/Makefile
config.status:1302: creating erlang/apl.erl
config.status:1302: creating gnu-apl.d/Makefile
config.status:1302: creating gnu-apl.d/preferences
config.status:1302: creating HOWTOs/Makefile
config.status:1302: creating rpm/Makefile
config.status:1302: creating rpm/apl.spec
config.status:1302: creating src/Makefile
config.status:1302: creating src/APs/Makefile
config.status:1302: creating src/Gtk/Makefile
config.status:1302: creating src/emacs_mode/Makefile
config.status:1302: creating src/native/Makefile
config.status:1302: creating src/sql/Makefile
config.status:1302: creating src/testcases/Makefile
config.status:1302: creating src/workspaces/Makefile
config.status:1302: creating support-files/Makefile
config.status:1302: creating support-files/105-key-International-Keyboard/Makefile
config.status:1302: creating support-files/Dirk/Makefile
config.status:1302: creating support-files/Dyalog-Keyboard/Makefile
config.status:1302: creating support-files/Jrgen-Mint-19/Makefile
config.status:1302: creating support-files/old-Keyboard/Makefile
config.status:1302: creating support-files/OS-X-Keyboard/Makefile
config.status:1302: creating support-files/Unicomp-Keyboard/Makefile
config.status:1302: creating support-files/WASD-Keyboard/Makefile
config.status:1302: creating tools/Makefile
config.status:1302: creating websock/Makefile
config.status:1302: creating websock/client/Makefile
config.status:1302: creating websock/server/Makefile
config.status:1302: creating workspaces/Makefile
config.status:1302: creating wslib3/Makefile
config.status:1302: creating wslib4/Makefile
config.status:1302: creating wslib5/Makefile
config.status:1302: creating wslib5/APLComponentFiles/Makefile
config.status:1302: creating wslib5/iso-apl-cf/Makefile
config.status:1302: creating config.h
config.status:1531: executing depfiles commands
config.status:1531: executing libtool commands

## ---------------- ##
## Cache variables. ##
## ---------------- ##

ac_cv_build=x86_64-unknown-linux-gnu
ac_cv_c_compiler_gnu=yes
ac_cv_c_inline=inline
ac_cv_c_int32_t=yes
ac_cv_c_int64_t=yes
ac_cv_c_uint32_t=yes
ac_cv_c_uint64_t=yes
ac_cv_c_uint8_t=yes
ac_cv_cxx_compiler_gnu=yes
ac_cv_env_APSERVER_PATH_set=
ac_cv_env_APSERVER_PATH_value=
ac_cv_env_APSERVER_PORT_set=
ac_cv_env_APSERVER_PORT_value=
ac_cv_env_APSERVER_TRANSPORT_set=
ac_cv_env_APSERVER_TRANSPORT_value=
ac_cv_env_ASSERT_LEVEL_WANTED_set=
ac_cv_env_ASSERT_LEVEL_WANTED_value=
ac_cv_env_CCC_set=
ac_cv_env_CCC_value=
ac_cv_env_CC_set=
ac_cv_env_CC_value=
ac_cv_env_CFLAGS_set=
ac_cv_env_CFLAGS_value=
ac_cv_env_CORE_COUNT_WANTED_set=
ac_cv_env_CORE_COUNT_WANTED_value=
ac_cv_env_CPPFLAGS_set=
ac_cv_env_CPPFLAGS_value=
ac_cv_env_CPP_set=
ac_cv_env_CPP_value=
ac_cv_env_CXXCPP_set=
ac_cv_env_CXXCPP_value=
ac_cv_env_CXXFLAGS_set=
ac_cv_env_CXXFLAGS_value=
ac_cv_env_CXX_WERROR_set=
ac_cv_env_CXX_WERROR_value=
ac_cv_env_CXX_set=
ac_cv_env_CXX_value=
ac_cv_env_DEVELOP_WANTED_set=
ac_cv_env_DEVELOP_WANTED_value=
ac_cv_env_DYNAMIC_LOG_WANTED_set=
ac_cv_env_DYNAMIC_LOG_WANTED_value=
ac_cv_env_GCOV_WANTED_set=
ac_cv_env_GCOV_WANTED_value=
ac_cv_env_GPROF_WANTED_set=
ac_cv_env_GPROF_WANTED_value=
ac_cv_env_GTK_CFLAGS_set=
ac_cv_env_GTK_CFLAGS_value=
ac_cv_env_GTK_LIBS_set=
ac_cv_env_GTK_LIBS_value=
ac_cv_env_LDFLAGS_set=
ac_cv_env_LDFLAGS_value=
ac_cv_env_LIBS_set=
ac_cv_env_LIBS_value=
ac_cv_env_MAX_RANK_WANTED_set=
ac_cv_env_MAX_RANK_WANTED_value=
ac_cv_env_PERFORMANCE_COUNTERS_WANTED_set=
ac_cv_env_PERFORMANCE_COUNTERS_WANTED_value=
ac_cv_env_PKG_CONFIG_LIBDIR_set=
ac_cv_env_PKG_CONFIG_LIBDIR_value=
ac_cv_env_PKG_CONFIG_PATH_set=
ac_cv_env_PKG_CONFIG_PATH_value=
ac_cv_env_PKG_CONFIG_set=
ac_cv_env_PKG_CONFIG_value=
ac_cv_env_RATIONAL_NUMBERS_WANTED_set=
ac_cv_env_RATIONAL_NUMBERS_WANTED_value=
ac_cv_env_SECURITY_LEVEL_WANTED_set=
ac_cv_env_SECURITY_LEVEL_WANTED_value=
ac_cv_env_SHORT_VALUE_LENGTH_WANTED_set=
ac_cv_env_SHORT_VALUE_LENGTH_WANTED_value=
ac_cv_env_VALUE_CHECK_WANTED_set=
ac_cv_env_VALUE_CHECK_WANTED_value=
ac_cv_env_VALUE_HISTORY_WANTED_set=
ac_cv_env_VALUE_HISTORY_WANTED_value=
ac_cv_env_VF_TRACING_WANTED_set=
ac_cv_env_VF_TRACING_WANTED_value=
ac_cv_env_VISIBLE_MARKERS_WANTED_set=
ac_cv_env_VISIBLE_MARKERS_WANTED_value=
ac_cv_env_XCBLIBS_CFLAGS_set=
ac_cv_env_XCBLIBS_CFLAGS_value=
ac_cv_env_XCBLIBS_LIBS_set=
ac_cv_env_XCBLIBS_LIBS_value=
ac_cv_env_build_alias_set=
ac_cv_env_build_alias_value=
ac_cv_env_host_alias_set=
ac_cv_env_host_alias_value=
ac_cv_env_target_alias_set=
ac_cv_env_target_alias_value=
ac_cv_func_dlopen=no
ac_cv_func_floor=yes
ac_cv_func_getpagesize=yes
ac_cv_func_memset=yes
ac_cv_func_mmap_fixed_mapped=yes
ac_cv_func_munmap=yes
ac_cv_func_pow=yes
ac_cv_func_shl_load=no
ac_cv_func_sqrt=yes
ac_cv_func_strchr=yes
ac_cv_func_strerror=yes
ac_cv_header_dlfcn_h=yes
ac_cv_header_execinfo_h=yes
ac_cv_header_ext_atomicity_h=yes
ac_cv_header_fcntl_h=yes
ac_cv_header_fftw3_h=no
ac_cv_header_inttypes_h=yes
ac_cv_header_memory_h=yes
ac_cv_header_minix_config_h=no
ac_cv_header_ncurses_h=yes
ac_cv_header_stdbool_h=yes
ac_cv_header_stdc=yes
ac_cv_header_stdint_h=yes
ac_cv_header_stdlib_h=yes
ac_cv_header_string_h=yes
ac_cv_header_strings_h=yes
ac_cv_header_sys_param_h=yes
ac_cv_header_sys_stat_h=yes
ac_cv_header_sys_types_h=yes
ac_cv_header_sys_un_h=yes
ac_cv_header_term_h=yes
ac_cv_header_unistd_h=yes
ac_cv_header_utmpx_h=yes
ac_cv_header_xcb_xcb_h=yes
ac_cv_header_xcb_xproto_h=yes
ac_cv_host=x86_64-unknown-linux-gnu
ac_cv_lib_dl_dlopen=yes
ac_cv_lib_dld_shl_load=no
ac_cv_lib_error_at_line=yes
ac_cv_lib_execinfo_backtrace=no
ac_cv_lib_fftw3_fftw_plan_dft=no
ac_cv_lib_m_acosh=yes
ac_cv_lib_ncurses_setupterm=yes
ac_cv_lib_nsl_yp_all=yes
ac_cv_lib_pcre2_32_pcre2_compile_32=no
ac_cv_lib_pthread_sem_init=yes
ac_cv_lib_socket_socket=no
ac_cv_lib_xcb_xcb_connect=yes
ac_cv_objext=o
ac_cv_path_EGREP='/bin/grep -E'
ac_cv_path_FGREP='/bin/grep -F'
ac_cv_path_GREP=/bin/grep
ac_cv_path_PG_CONFIG=/usr/bin/pg_config
ac_cv_path_SED=/bin/sed
ac_cv_path_ac_pt_PKG_CONFIG=/usr/bin/pkg-config
ac_cv_path_install='/usr/bin/install -c'
ac_cv_path_mkdir=/bin/mkdir
ac_cv_prog_AWK=gawk
ac_cv_prog_CPP='gcc -E'
ac_cv_prog_CXXCPP='g++ -E'
ac_cv_prog_ac_ct_AR=ar
ac_cv_prog_ac_ct_CC=gcc
ac_cv_prog_ac_ct_CXX=g++
ac_cv_prog_ac_ct_MANIFEST_TOOL=mt
ac_cv_prog_ac_ct_OBJDUMP=objdump
ac_cv_prog_ac_ct_RANLIB=ranlib
ac_cv_prog_ac_ct_STRIP=strip
ac_cv_prog_cc_c89=
ac_cv_prog_cc_g=yes
ac_cv_prog_cxx_g=yes
ac_cv_prog_make_make_set=yes
ac_cv_safe_to_define___extensions__=yes
ac_cv_type__Bool=no
ac_cv_type_off_t=yes
ac_cv_type_size_t=yes
am_cv_CC_dependencies_compiler_type=gcc3
am_cv_CXX_dependencies_compiler_type=gcc3
am_cv_make_support_nested_variables=yes
am_cv_prog_cc_c_o=yes
lt_cv_ar_at_file=@
lt_cv_archive_cmds_need_lc=no
lt_cv_deplibs_check_method=pass_all
lt_cv_dlopen=dlopen
lt_cv_dlopen_libs=-ldl
lt_cv_dlopen_self=yes
lt_cv_dlopen_self_static=no
lt_cv_file_magic_cmd='$MAGIC_CMD'
lt_cv_file_magic_test_file=
lt_cv_ld_reload_flag=-r
lt_cv_nm_interface='BSD nm'
lt_cv_objdir=.libs
lt_cv_path_LD=/usr/bin/ld
lt_cv_path_LDCXX='/usr/bin/ld -m elf_x86_64'
lt_cv_path_NM='/usr/bin/nm -B'
lt_cv_path_mainfest_tool=no
lt_cv_prog_compiler_c_o=yes
lt_cv_prog_compiler_c_o_CXX=yes
lt_cv_prog_compiler_pic='-fPIC -DPIC'
lt_cv_prog_compiler_pic_CXX='-fPIC -DPIC'
lt_cv_prog_compiler_pic_works=yes
lt_cv_prog_compiler_pic_works_CXX=yes
lt_cv_prog_compiler_rtti_exceptions=no
lt_cv_prog_compiler_static_works=yes
lt_cv_prog_compiler_static_works_CXX=yes
lt_cv_prog_gnu_ld=yes
lt_cv_prog_gnu_ldcxx=yes
lt_cv_sharedlib_from_linklib_cmd='printf %s\n'
lt_cv_shlibpath_overrides_runpath=no
lt_cv_sys_global_symbol_pipe='sed -n -e '\''s/^.*[	 ]\([ABCDGIRSTW][ABCDGIRSTW]*\)[	 ][	 ]*\([_A-Za-z][_A-Za-z0-9]*\)$/\1 \2 \2/p'\'' | sed '\''/ __gnu_lto/d'\'''
lt_cv_sys_global_symbol_to_c_name_address='sed -n -e '\''s/^: \([^ ]*\)[ ]*$/  {\"\1\", (void *) 0},/p'\'' -e '\''s/^[ABCDGIRSTW]* \([^ ]*\) \([^ ]*\)$/  {"\2", (void *) \&\2},/p'\'''
lt_cv_sys_global_symbol_to_c_name_address_lib_prefix='sed -n -e '\''s/^: \([^ ]*\)[ ]*$/  {\"\1\", (void *) 0},/p'\'' -e '\''s/^[ABCDGIRSTW]* \([^ ]*\) \(lib[^ ]*\)$/  {"\2", (void *) \&\2},/p'\'' -e '\''s/^[ABCDGIRSTW]* \([^ ]*\) \([^ ]*\)$/  {"lib\2", (void *) \&\2},/p'\'''
lt_cv_sys_global_symbol_to_cdecl='sed -n -e '\''s/^T .* \(.*\)$/extern int \1();/p'\'' -e '\''s/^[ABCDGIRSTW]* .* \(.*\)$/extern char \1;/p'\'''
lt_cv_sys_max_cmd_len=1572864
lt_cv_to_host_file_cmd=func_convert_file_noop
lt_cv_to_tool_file_cmd=func_convert_file_noop
pkg_cv_XCBLIBS_CFLAGS=
pkg_cv_XCBLIBS_LIBS=-lxcb

## ----------------- ##
## Output variables. ##
## ----------------- ##

ACLOCAL='${SHELL} /home/bob/Desktop/WorkSpace/FourthPracticeBucket/APLPrac/apl-1.8/missing aclocal-1.14'
AMDEPBACKSLASH='\'
AMDEP_FALSE='#'
AMDEP_TRUE=''
AMTAR='$${TAR-tar}'
AM_BACKSLASH='\'
AM_DEFAULT_V='$(AM_DEFAULT_VERBOSITY)'
AM_DEFAULT_VERBOSITY='1'
AM_V='$(V)'
APSERVER_PATH='/tmp/GNU-APL/APserver'
APSERVER_PORT='16366'
APSERVER_TRANSPORT='0'
AR='ar'
ASSERT_LEVEL_WANTED='1'
AUTOCONF='${SHELL} /home/bob/Desktop/WorkSpace/FourthPracticeBucket/APLPrac/apl-1.8/missing autoconf'
AUTOHEADER='${SHELL} /home/bob/Desktop/WorkSpace/FourthPracticeBucket/APLPrac/apl-1.8/missing autoheader'
AUTOMAKE='${SHELL} /home/bob/Desktop/WorkSpace/FourthPracticeBucket/APLPrac/apl-1.8/missing automake-1.14'
AWK='gawk'
CC='gcc'
CCDEPMODE='depmode=gcc3'
CFLAGS='-g -O2'
CORE_COUNT_WANTED='0'
CPP='gcc -E'
CPPFLAGS=''
CXX='g++'
CXXCPP='g++ -E'
CXXDEPMODE='depmode=gcc3'
CXXFLAGS='-g -O2'
CXX_RDYNAMIC='-rdynamic'
CXX_WERROR='-Werror'
CYGPATH_W='echo'
DEFS='-DHAVE_CONFIG_H'
DEPDIR='.deps'
DEVELOP_FALSE=''
DEVELOP_TRUE='#'
DEVELOP_WANTED=''
DLLTOOL='false'
DSYMUTIL=''
DUMPBIN=''
DYNAMIC_LOG_WANTED='no'
ECHO_C=''
ECHO_N='-n'
ECHO_T=''
EGREP='/bin/grep -E'
EXEEXT=''
FGREP='/bin/grep -F'
GCOV_WANTED=''
GPROF_WANTED=''
GREP='/bin/grep'
GTK_CFLAGS=''
GTK_LIBS=''
HAVE_AFFINITY_NP_FALSE='#'
HAVE_AFFINITY_NP_TRUE=''
HAVE_GTK3_FALSE=''
HAVE_GTK3_TRUE='#'
HAVE_LIBPCRE2_32_FALSE=''
HAVE_LIBPCRE2_32_TRUE='#'
HAVE_LIBXCB_FALSE='#'
HAVE_LIBXCB_TRUE=''
HAVE_RDTSC_FALSE='#'
HAVE_RDTSC_TRUE=''
HAVE_SEM_INIT_FALSE=''
HAVE_SEM_INIT_TRUE='#'
INSTALL_DATA='${INSTALL} -m 644'
INSTALL_PROGRAM='${INSTALL}'
INSTALL_SCRIPT='${INSTALL}'
INSTALL_STRIP_PROGRAM='$(install_sh) -c -s'
LD='/usr/bin/ld -m elf_x86_64'
LDFLAGS=''
LIBOBJS=''
LIBS='-lxcb -ldl -lpthread -lm -lncurses -lnsl '
LIBTOOL='$(SHELL) $(top_builddir)/libtool'
LIPO=''
LN_S='ln -s'
LTLIBOBJS=''
MAINT='#'
MAINTAINER_MODE_FALSE=''
MAINTAINER_MODE_TRUE='#'
MAKEINFO='${SHELL} /home/bob/Desktop/WorkSpace/FourthPracticeBucket/APLPrac/apl-1.8/missing makeinfo'
MANIFEST_TOOL=':'
MAX_RANK_WANTED='8'
MKDIR_P='/bin/mkdir -p'
NM='/usr/bin/nm -B'
NMEDIT=''
OBJDUMP='objdump'
OBJEXT='o'
ON_i686_FALSE=''
ON_i686_TRUE='#'
OTOOL64=''
OTOOL=''
PACKAGE='apl'
PACKAGE_BUGREPORT='bug-apl@gnu.org'
PACKAGE_NAME='dummy'
PACKAGE_STRING='GNU APL 1.8'
PACKAGE_TARNAME='apl'
PACKAGE_URL='http://www.gnu.org/software/apl/'
PACKAGE_VERSION='pkg-config'
PATH_SEPARATOR=':'
PCRE_CFLAGS=''
PCRE_LIBS=''
PERFORMANCE_COUNTERS_WANTED='no'
PG_CONFIG='/usr/bin/pg_config'
PKG_CONFIG='/usr/bin/pkg-config'
PKG_CONFIG_LIBDIR=''
PKG_CONFIG_PATH=''
POSTGRESQL_CFLAGS='-I'
POSTGRESQL_LDFLAGS='-L -lpq'
POSTGRESQL_VERSION=''
POSTGRES_FALSE=''
POSTGRES_TRUE='#'
RANLIB='ranlib'
RATIONAL_NUMBERS_WANTED='no'
SECURITY_LEVEL_WANTED='0'
SED='/bin/sed'
SET_MAKE=''
SHELL='/bin/bash'
SHORT_VALUE_LENGTH_WANTED='12'
SQLITE3_CFLAGS=''
SQLITE3_FALSE=''
SQLITE3_LDFLAGS=''
SQLITE3_TRUE='#'
SQLITE3_VERSION=''
STRIP='strip'
VALUE_CHECK_WANTED=''
VALUE_HISTORY_WANTED='no'
VERSION='1.8'
VF_TRACING_WANTED='no'
VISIBLE_MARKERS_WANTED='no'
WANT_ANDROID_FALSE=''
WANT_ANDROID_TRUE='#'
WANT_ERLANG_FALSE=''
WANT_ERLANG_TRUE='#'
WANT_LIBAPL_FALSE=''
WANT_LIBAPL_TRUE='#'
WANT_PYTHON_FALSE=''
WANT_PYTHON_TRUE='#'
XCBLIBS_CFLAGS=''
XCBLIBS_LIBS='-lxcb'
ac_ct_AR='ar'
ac_ct_CC='gcc'
ac_ct_CXX='g++'
ac_ct_DUMPBIN=''
am__EXEEXT_FALSE=''
am__EXEEXT_TRUE='#'
am__fastdepCC_FALSE='#'
am__fastdepCC_TRUE=''
am__fastdepCXX_FALSE='#'
am__fastdepCXX_TRUE=''
am__include='include'
am__isrc=''
am__leading_dot='.'
am__nodep='_no'
am__quote=''
am__tar='$${TAR-tar} chof - "$$tardir"'
am__untar='$${TAR-tar} xf -'
bindir='${exec_prefix}/bin'
build='x86_64-unknown-linux-gnu'
build_alias=''
build_cpu='x86_64'
build_os='linux-gnu'
build_vendor='unknown'
datadir='${datarootdir}'
datarootdir='${prefix}/share'
docdir='${datarootdir}/doc/${PACKAGE_TARNAME}'
dvidir='${docdir}'
exec_prefix='${prefix}'
host='x86_64-unknown-linux-gnu'
host_alias=''
host_cpu='x86_64'
host_os='linux-gnu'
host_vendor='unknown'
htmldir='${docdir}'
includedir='${prefix}/include'
infodir='${datarootdir}/info'
install_sh='${SHELL} /home/bob/Desktop/WorkSpace/FourthPracticeBucket/APLPrac/apl-1.8/install-sh'
libdir='${exec_prefix}/lib'
libexecdir='${exec_prefix}/libexec'
localedir='${datarootdir}/locale'
localstatedir='${prefix}/var'
mandir='${datarootdir}/man'
mkdir_p='$(MKDIR_P)'
oldincludedir='/usr/include'
pdfdir='${docdir}'
prefix='/usr/local'
program_transform_name='s,x,x,'
psdir='${docdir}'
sbindir='${exec_prefix}/sbin'
sharedstatedir='${prefix}/com'
sysconfdir='${prefix}/etc'
target_alias=''

## ----------- ##
## confdefs.h. ##
## ----------- ##

/* confdefs.h */
#define PACKAGE_NAME "GNU APL"
#define PACKAGE_TARNAME "apl"
#define PACKAGE_VERSION "1.8"
#define PACKAGE_STRING "GNU APL 1.8"
#define PACKAGE_BUGREPORT "bug-apl@gnu.org"
#define PACKAGE_URL "http://www.gnu.org/software/apl/"
#define STDC_HEADERS 1
#define HAVE_SYS_TYPES_H 1
#define HAVE_SYS_STAT_H 1
#define HAVE_STDLIB_H 1
#define HAVE_STRING_H 1
#define HAVE_MEMORY_H 1
#define HAVE_STRINGS_H 1
#define HAVE_INTTYPES_H 1
#define HAVE_STDINT_H 1
#define HAVE_UNISTD_H 1
#define __EXTENSIONS__ 1
#define _ALL_SOURCE 1
#define _GNU_SOURCE 1
#define _POSIX_PTHREAD_SEMANTICS 1
#define _TANDEM_SOURCE 1
#define PACKAGE "apl"
#define VERSION "1.8"
#define HAVE_DLFCN_H 1
#define LT_OBJDIR ".libs/"
#define HAVE_NCURSES_H 1
#define HAVE_TERM_H 1
#define HAVE_EXECINFO_H 1
#define HAVE_FCNTL_H 1
#define HAVE_INTTYPES_H 1
#define HAVE_STDINT_H 1
#define HAVE_STDLIB_H 1
#define HAVE_STRING_H 1
#define HAVE_STRINGS_H 1
#define HAVE_UNISTD_H 1
#define HAVE_SYS_UN_H 1
#define HAVE_EXT_ATOMICITY_H 1
#define HAVE_XCB_XCB_H 1
#define HAVE_UTMPX_H 1
#define HAVE_STDBOOL_H 1
#define HAVE_STDLIB_H 1
#define HAVE_UNISTD_H 1
#define HAVE_SYS_PARAM_H 1
#define HAVE_GETPAGESIZE 1
#define HAVE_MMAP 1
#define HAVE_FLOOR 1
#define HAVE_MEMSET 1
#define HAVE_MUNMAP 1
#define HAVE_POW 1
#define HAVE_SQRT 1
#define HAVE_STRCHR 1
#define HAVE_STRERROR 1
#define HAVE_LIBNSL 1
#define HAVE_LIBCURSES 1
#define HAVE_LIBM 1
#define HAVE_LIBPTHREAD 1
#define HAVE_LIBDL 1
#define HAVE_LIBXCB 1
#define HAVE_POSTGRESQL 1
#define HAVE_GTK3 1
#define HAVE_GTK3 0
#define HAVE_RDTSC 1
#define HAVE_AFFINITY_NP 1
#define MAX_RANK_WANTED 8
#define GPROF_WANTED -pg
#define ASSERT_LEVEL_WANTED 1
#define SECURITY_LEVEL_WANTED 0
#define CORE_COUNT_WANTED 0
#define APSERVER_TRANSPORT 0
#define APSERVER_PORT 16366
#define APSERVER_PATH "/tmp/GNU-APL/APserver"
#define SHORT_VALUE_LENGTH_WANTED 12

configure: exit 0
